<?xml version="1.0" encoding="UTF-8"?>
<coverage generated="1775152184950" clover="3.2.0">
  <project timestamp="1775152184950" name="All files">
    <metrics statements="405" coveredstatements="359" conditionals="166" coveredconditionals="135" methods="83" coveredmethods="73" elements="654" coveredelements="567" complexity="0" loc="405" ncloc="405" packages="9" files="20" classes="20"/>
    <package name="src">
      <metrics statements="15" coveredstatements="15" conditionals="0" coveredconditionals="0" methods="1" coveredmethods="0"/>
      <file name="app.js" path="/Users/harshithvenkatesh/Documents/Projects/whatfix-discussion/src/app.js">
        <metrics statements="15" coveredstatements="15" conditionals="0" coveredconditionals="0" methods="1" coveredmethods="0"/>
        <line num="1" count="2" type="stmt"/>
        <line num="2" count="2" type="stmt"/>
        <line num="3" count="2" type="stmt"/>
        <line num="4" count="2" type="stmt"/>
        <line num="5" count="2" type="stmt"/>
        <line num="6" count="2" type="stmt"/>
        <line num="8" count="2" type="stmt"/>
        <line num="10" count="2" type="stmt"/>
        <line num="11" count="2" type="stmt"/>
        <line num="13" count="2" type="stmt"/>
        <line num="15" count="2" type="stmt"/>
        <line num="16" count="2" type="stmt"/>
        <line num="18" count="2" type="stmt"/>
        <line num="19" count="2" type="stmt"/>
        <line num="21" count="2" type="stmt"/>
      </file>
    </package>
    <package name="src.config">
      <metrics statements="8" coveredstatements="8" conditionals="10" coveredconditionals="8" methods="1" coveredmethods="1"/>
      <file name="env.js" path="/Users/harshithvenkatesh/Documents/Projects/whatfix-discussion/src/config/env.js">
        <metrics statements="3" coveredstatements="3" conditionals="6" coveredconditionals="5" methods="0" coveredmethods="0"/>
        <line num="1" count="7" type="stmt"/>
        <line num="3" count="7" type="stmt"/>
        <line num="9" count="7" type="stmt"/>
      </file>
      <file name="logger.js" path="/Users/harshithvenkatesh/Documents/Projects/whatfix-discussion/src/config/logger.js">
        <metrics statements="5" coveredstatements="5" conditionals="4" coveredconditionals="3" methods="1" coveredmethods="1"/>
        <line num="1" count="7" type="stmt"/>
        <line num="2" count="7" type="stmt"/>
        <line num="4" count="7" type="stmt"/>
        <line num="12" count="80" type="cond" truecount="2" falsecount="0"/>
        <line num="20" count="7" type="stmt"/>
      </file>
    </package>
    <package name="src.controllers">
      <metrics statements="46" coveredstatements="35" conditionals="2" coveredconditionals="2" methods="10" coveredmethods="9"/>
      <file name="MessageController.js" path="/Users/harshithvenkatesh/Documents/Projects/whatfix-discussion/src/controllers/MessageController.js">
        <metrics statements="24" coveredstatements="16" conditionals="2" coveredconditionals="2" methods="5" coveredmethods="4"/>
        <line num="1" count="2" type="stmt"/>
        <line num="5" count="10" type="stmt"/>
        <line num="6" count="10" type="stmt"/>
        <line num="7" count="10" type="stmt"/>
        <line num="9" count="0" type="stmt"/>
        <line num="14" count="0" type="stmt"/>
        <line num="15" count="0" type="stmt"/>
        <line num="16" count="0" type="stmt"/>
        <line num="18" count="0" type="stmt"/>
        <line num="23" count="2" type="stmt"/>
        <line num="24" count="2" type="stmt"/>
        <line num="25" count="2" type="stmt"/>
        <line num="26" count="2" type="stmt"/>
        <line num="30" count="2" type="stmt"/>
        <line num="32" count="0" type="stmt"/>
        <line num="37" count="1" type="stmt"/>
        <line num="38" count="1" type="stmt"/>
        <line num="39" count="1" type="stmt"/>
        <line num="41" count="0" type="stmt"/>
        <line num="46" count="1" type="stmt"/>
        <line num="47" count="1" type="stmt"/>
        <line num="48" count="1" type="stmt"/>
        <line num="50" count="0" type="stmt"/>
        <line num="55" count="2" type="stmt"/>
      </file>
      <file name="UserController.js" path="/Users/harshithvenkatesh/Documents/Projects/whatfix-discussion/src/controllers/UserController.js">
        <metrics statements="22" coveredstatements="19" conditionals="0" coveredconditionals="0" methods="5" coveredmethods="5"/>
        <line num="1" count="2" type="stmt"/>
        <line num="5" count="6" type="stmt"/>
        <line num="6" count="6" type="stmt"/>
        <line num="7" count="5" type="stmt"/>
        <line num="9" count="1" type="stmt"/>
        <line num="14" count="1" type="stmt"/>
        <line num="15" count="1" type="stmt"/>
        <line num="16" count="1" type="stmt"/>
        <line num="18" count="0" type="stmt"/>
        <line num="23" count="2" type="stmt"/>
        <line num="24" count="2" type="stmt"/>
        <line num="25" count="1" type="stmt"/>
        <line num="27" count="1" type="stmt"/>
        <line num="32" count="1" type="stmt"/>
        <line num="33" count="1" type="stmt"/>
        <line num="34" count="1" type="stmt"/>
        <line num="36" count="0" type="stmt"/>
        <line num="41" count="1" type="stmt"/>
        <line num="42" count="1" type="stmt"/>
        <line num="43" count="1" type="stmt"/>
        <line num="45" count="0" type="stmt"/>
        <line num="50" count="2" type="stmt"/>
      </file>
    </package>
    <package name="src.middlewares">
      <metrics statements="32" coveredstatements="31" conditionals="19" coveredconditionals="17" methods="6" coveredmethods="5"/>
      <file name="errorHandler.js" path="/Users/harshithvenkatesh/Documents/Projects/whatfix-discussion/src/middlewares/errorHandler.js">
        <metrics statements="13" coveredstatements="13" conditionals="13" coveredconditionals="12" methods="1" coveredmethods="1"/>
        <line num="1" count="3" type="stmt"/>
        <line num="2" count="3" type="stmt"/>
        <line num="10" count="10" type="cond" truecount="3" falsecount="0"/>
        <line num="11" count="10" type="cond" truecount="1" falsecount="1"/>
        <line num="13" count="10" type="cond" truecount="2" falsecount="0"/>
        <line num="14" count="1" type="stmt"/>
        <line num="17" count="10" type="stmt"/>
        <line num="19" count="10" type="cond" truecount="2" falsecount="0"/>
        <line num="20" count="6" type="stmt"/>
        <line num="23" count="10" type="cond" truecount="4" falsecount="0"/>
        <line num="24" count="1" type="stmt"/>
        <line num="27" count="10" type="stmt"/>
        <line num="30" count="3" type="stmt"/>
      </file>
      <file name="notFound.js" path="/Users/harshithvenkatesh/Documents/Projects/whatfix-discussion/src/middlewares/notFound.js">
        <metrics statements="3" coveredstatements="2" conditionals="0" coveredconditionals="0" methods="1" coveredmethods="0"/>
        <line num="1" count="2" type="stmt"/>
        <line num="7" count="0" type="stmt"/>
        <line num="10" count="2" type="stmt"/>
      </file>
      <file name="requestLogger.js" path="/Users/harshithvenkatesh/Documents/Projects/whatfix-discussion/src/middlewares/requestLogger.js">
        <metrics statements="8" coveredstatements="8" conditionals="4" coveredconditionals="3" methods="2" coveredmethods="2"/>
        <line num="1" count="3" type="stmt"/>
        <line num="8" count="33" type="stmt"/>
        <line num="10" count="33" type="stmt"/>
        <line num="11" count="31" type="stmt"/>
        <line num="12" count="31" type="cond" truecount="3" falsecount="1"/>
        <line num="13" count="31" type="stmt"/>
        <line num="16" count="33" type="stmt"/>
        <line num="19" count="3" type="stmt"/>
      </file>
      <file name="validate.js" path="/Users/harshithvenkatesh/Documents/Projects/whatfix-discussion/src/middlewares/validate.js">
        <metrics statements="8" coveredstatements="8" conditionals="2" coveredconditionals="2" methods="2" coveredmethods="2"/>
        <line num="1" count="3" type="stmt"/>
        <line num="2" count="3" type="stmt"/>
        <line num="9" count="31" type="stmt"/>
        <line num="10" count="31" type="cond" truecount="2" falsecount="0"/>
        <line num="11" count="6" type="stmt"/>
        <line num="12" count="6" type="stmt"/>
        <line num="14" count="25" type="stmt"/>
        <line num="17" count="3" type="stmt"/>
      </file>
    </package>
    <package name="src.models">
      <metrics statements="44" coveredstatements="39" conditionals="15" coveredconditionals="10" methods="6" coveredmethods="6"/>
      <file name="Message.js" path="/Users/harshithvenkatesh/Documents/Projects/whatfix-discussion/src/models/Message.js">
        <metrics statements="35" coveredstatements="30" conditionals="15" coveredconditionals="10" methods="4" coveredmethods="4"/>
        <line num="24" count="5" type="stmt"/>
        <line num="28" count="5" type="stmt"/>
        <line num="30" count="5" type="stmt"/>
        <line num="45" count="49" type="cond" truecount="1" falsecount="1"/>
        <line num="46" count="0" type="stmt"/>
        <line num="48" count="49" type="cond" truecount="1" falsecount="1"/>
        <line num="49" count="0" type="stmt"/>
        <line num="51" count="49" type="cond" truecount="3" falsecount="1"/>
        <line num="52" count="0" type="stmt"/>
        <line num="54" count="49" type="cond" truecount="1" falsecount="1"/>
        <line num="55" count="0" type="stmt"/>
        <line num="58" count="49" type="stmt"/>
        <line num="59" count="49" type="stmt"/>
        <line num="60" count="49" type="stmt"/>
        <line num="61" count="49" type="stmt"/>
        <line num="62" count="49" type="stmt"/>
        <line num="63" count="49" type="stmt"/>
        <line num="64" count="49" type="stmt"/>
        <line num="65" count="49" type="stmt"/>
        <line num="66" count="49" type="stmt"/>
        <line num="74" count="10" type="stmt"/>
        <line num="75" count="10" type="stmt"/>
        <line num="76" count="10" type="stmt"/>
        <line num="78" count="10" type="cond" truecount="1" falsecount="1"/>
        <line num="79" count="0" type="stmt"/>
        <line num="81" count="10" type="cond" truecount="2" falsecount="0"/>
        <line num="82" count="1" type="stmt"/>
        <line num="85" count="9" type="stmt"/>
        <line num="86" count="9" type="stmt"/>
        <line num="87" count="9" type="stmt"/>
        <line num="91" count="84" type="stmt"/>
        <line num="114" count="5" type="stmt"/>
        <line num="125" count="5" type="stmt"/>
        <line num="128" count="16" type="stmt"/>
        <line num="130" count="5" type="stmt"/>
      </file>
      <file name="User.js" path="/Users/harshithvenkatesh/Documents/Projects/whatfix-discussion/src/models/User.js">
        <metrics statements="9" coveredstatements="9" conditionals="0" coveredconditionals="0" methods="2" coveredmethods="2"/>
        <line num="7" count="3" type="stmt"/>
        <line num="16" count="15" type="stmt"/>
        <line num="17" count="15" type="stmt"/>
        <line num="18" count="15" type="stmt"/>
        <line num="19" count="15" type="stmt"/>
        <line num="20" count="15" type="stmt"/>
        <line num="24" count="21" type="stmt"/>
        <line num="41" count="3" type="stmt"/>
        <line num="49" count="3" type="stmt"/>
      </file>
    </package>
    <package name="src.routes">
      <metrics statements="27" coveredstatements="27" conditionals="0" coveredconditionals="0" methods="2" coveredmethods="2"/>
      <file name="messageRoutes.js" path="/Users/harshithvenkatesh/Documents/Projects/whatfix-discussion/src/routes/messageRoutes.js">
        <metrics statements="14" coveredstatements="14" conditionals="0" coveredconditionals="0" methods="1" coveredmethods="1"/>
        <line num="1" count="2" type="stmt"/>
        <line num="2" count="2" type="stmt"/>
        <line num="3" count="2" type="stmt"/>
        <line num="4" count="2" type="stmt"/>
        <line num="5" count="2" type="stmt"/>
        <line num="7" count="2" type="stmt"/>
        <line num="9" count="2" type="stmt"/>
        <line num="10" count="10" type="stmt"/>
        <line num="12" count="2" type="stmt"/>
        <line num="24" count="2" type="stmt"/>
        <line num="36" count="2" type="stmt"/>
        <line num="42" count="2" type="stmt"/>
        <line num="48" count="2" type="stmt"/>
        <line num="60" count="2" type="stmt"/>
      </file>
      <file name="userRoutes.js" path="/Users/harshithvenkatesh/Documents/Projects/whatfix-discussion/src/routes/userRoutes.js">
        <metrics statements="13" coveredstatements="13" conditionals="0" coveredconditionals="0" methods="1" coveredmethods="1"/>
        <line num="1" count="2" type="stmt"/>
        <line num="2" count="2" type="stmt"/>
        <line num="3" count="2" type="stmt"/>
        <line num="4" count="2" type="stmt"/>
        <line num="6" count="2" type="stmt"/>
        <line num="8" count="2" type="stmt"/>
        <line num="9" count="6" type="stmt"/>
        <line num="11" count="2" type="stmt"/>
        <line num="21" count="2" type="stmt"/>
        <line num="23" count="2" type="stmt"/>
        <line num="29" count="2" type="stmt"/>
        <line num="40" count="2" type="stmt"/>
        <line num="46" count="2" type="stmt"/>
      </file>
    </package>
    <package name="src.services">
      <metrics statements="160" coveredstatements="151" conditionals="87" coveredconditionals="74" methods="46" coveredmethods="41"/>
      <file name="MessageFeedService.js" path="/Users/harshithvenkatesh/Documents/Projects/whatfix-discussion/src/services/MessageFeedService.js">
        <metrics statements="44" coveredstatements="42" conditionals="27" coveredconditionals="26" methods="12" coveredmethods="10"/>
        <line num="14" count="2" type="stmt"/>
        <line num="15" count="2" type="stmt"/>
        <line num="16" count="2" type="stmt"/>
        <line num="31" count="18" type="stmt"/>
        <line num="32" count="21" type="stmt"/>
        <line num="33" count="21" type="stmt"/>
        <line num="35" count="5" type="stmt"/>
        <line num="38" count="5" type="cond" truecount="5" falsecount="0"/>
        <line num="39" count="1" type="stmt"/>
        <line num="42" count="4" type="cond" truecount="2" falsecount="0"/>
        <line num="43" count="3" type="stmt"/>
        <line num="44" count="3" type="stmt"/>
        <line num="45" count="3" type="stmt"/>
        <line num="48" count="3" type="stmt"/>
        <line num="53" count="1" type="stmt"/>
        <line num="73" count="4" type="stmt"/>
        <line num="74" count="4" type="stmt"/>
        <line num="80" count="4" type="stmt"/>
        <line num="81" count="4" type="stmt"/>
        <line num="84" count="4" type="stmt"/>
        <line num="85" count="12" type="cond" truecount="1" falsecount="1"/>
        <line num="86" count="0" type="stmt"/>
        <line num="88" count="12" type="stmt"/>
        <line num="91" count="12" type="cond" truecount="4" falsecount="0"/>
        <line num="92" count="2" type="stmt"/>
        <line num="95" count="10" type="stmt"/>
        <line num="97" count="10" type="cond" truecount="2" falsecount="0"/>
        <line num="98" count="1" type="stmt"/>
        <line num="102" count="4" type="stmt"/>
        <line num="109" count="0" type="stmt"/>
        <line num="116" count="3" type="stmt"/>
        <line num="127" count="9" type="cond" truecount="4" falsecount="0"/>
        <line num="128" count="2" type="stmt"/>
        <line num="129" count="2" type="stmt"/>
        <line num="132" count="7" type="stmt"/>
        <line num="134" count="7" type="cond" truecount="2" falsecount="0"/>
        <line num="135" count="2" type="stmt"/>
        <line num="137" count="2" type="stmt"/>
        <line num="140" count="7" type="stmt"/>
        <line num="145" count="10" type="stmt"/>
        <line num="150" count="2" type="stmt"/>
        <line num="151" count="2" type="stmt"/>
        <line num="153" count="2" type="stmt"/>
        <line num="154" count="2" type="stmt"/>
      </file>
      <file name="MessageService.js" path="/Users/harshithvenkatesh/Documents/Projects/whatfix-discussion/src/services/MessageService.js">
        <metrics statements="48" coveredstatements="46" conditionals="26" coveredconditionals="22" methods="14" coveredmethods="13"/>
        <line num="1" count="5" type="stmt"/>
        <line num="2" count="5" type="stmt"/>
        <line num="6" count="5" type="stmt"/>
        <line num="10" count="5" type="stmt"/>
        <line num="13" count="5" type="stmt"/>
        <line num="16" count="58" type="stmt"/>
        <line num="20" count="49" type="stmt"/>
        <line num="21" count="49" type="cond" truecount="2" falsecount="0"/>
        <line num="22" count="24" type="stmt"/>
        <line num="24" count="49" type="stmt"/>
        <line num="28" count="49" type="cond" truecount="1" falsecount="1"/>
        <line num="29" count="49" type="cond" truecount="2" falsecount="0"/>
        <line num="30" count="27" type="stmt"/>
        <line num="32" count="49" type="stmt"/>
        <line num="37" count="3" type="stmt"/>
        <line num="38" count="3" type="cond" truecount="1" falsecount="1"/>
        <line num="39" count="3" type="stmt"/>
        <line num="45" count="49" type="stmt"/>
        <line num="46" count="49" type="stmt"/>
        <line num="47" count="49" type="stmt"/>
        <line num="48" count="49" type="stmt"/>
        <line num="49" count="49" type="stmt"/>
        <line num="53" count="2" type="stmt"/>
        <line num="54" count="2" type="cond" truecount="2" falsecount="0"/>
        <line num="55" count="1" type="stmt"/>
        <line num="57" count="1" type="stmt"/>
        <line num="65" count="9" type="stmt"/>
        <line num="66" count="9" type="cond" truecount="2" falsecount="0"/>
        <line num="68" count="9" type="stmt"/>
        <line num="69" count="31" type="stmt"/>
        <line num="71" count="23" type="cond" truecount="2" falsecount="0"/>
        <line num="73" count="9" type="cond" truecount="1" falsecount="1"/>
        <line num="74" count="0" type="stmt"/>
        <line num="75" count="0" type="stmt"/>
        <line num="78" count="25" type="stmt"/>
        <line num="86" count="3" type="cond" truecount="1" falsecount="1"/>
        <line num="93" count="11" type="stmt"/>
        <line num="94" count="11" type="cond" truecount="2" falsecount="0"/>
        <line num="95" count="1" type="stmt"/>
        <line num="98" count="10" type="stmt"/>
        <line num="99" count="10" type="stmt"/>
        <line num="102" count="9" type="cond" truecount="4" falsecount="0"/>
        <line num="103" count="3" type="stmt"/>
        <line num="106" count="9" type="stmt"/>
        <line num="111" count="35" type="stmt"/>
        <line num="112" count="35" type="stmt"/>
        <line num="113" count="35" type="stmt"/>
        <line num="117" count="5" type="stmt"/>
      </file>
      <file name="PresenceService.js" path="/Users/harshithvenkatesh/Documents/Projects/whatfix-discussion/src/services/PresenceService.js">
        <metrics statements="36" coveredstatements="32" conditionals="18" coveredconditionals="11" methods="11" coveredmethods="9"/>
        <line num="14" count="2" type="stmt"/>
        <line num="17" count="2" type="stmt"/>
        <line num="23" count="19" type="cond" truecount="2" falsecount="0"/>
        <line num="24" count="17" type="stmt"/>
        <line num="26" count="19" type="stmt"/>
        <line num="34" count="19" type="stmt"/>
        <line num="35" count="19" type="cond" truecount="1" falsecount="1"/>
        <line num="36" count="0" type="stmt"/>
        <line num="38" count="19" type="stmt"/>
        <line num="39" count="19" type="cond" truecount="2" falsecount="0"/>
        <line num="40" count="17" type="stmt"/>
        <line num="42" count="17" type="stmt"/>
        <line num="43" count="1" type="stmt"/>
        <line num="44" count="1" type="cond" truecount="1" falsecount="1"/>
        <line num="45" count="1" type="stmt"/>
        <line num="48" count="17" type="stmt"/>
        <line num="50" count="2" type="stmt"/>
        <line num="54" count="19" type="cond" truecount="2" falsecount="0"/>
        <line num="58" count="19" type="stmt"/>
        <line num="64" count="3" type="stmt"/>
        <line num="68" count="2" type="stmt"/>
        <line num="69" count="2" type="cond" truecount="1" falsecount="1"/>
        <line num="70" count="2" type="stmt"/>
        <line num="72" count="2" type="stmt"/>
        <line num="76" count="1" type="stmt"/>
        <line num="77" count="1" type="stmt"/>
        <line num="78" count="1" type="cond" truecount="1" falsecount="1"/>
        <line num="79" count="1" type="stmt"/>
        <line num="80" count="1" type="cond" truecount="1" falsecount="1"/>
        <line num="81" count="1" type="stmt"/>
        <line num="91" count="0" type="stmt"/>
        <line num="92" count="0" type="cond" truecount="0" falsecount="2"/>
        <line num="93" count="0" type="stmt"/>
        <line num="99" count="14" type="stmt"/>
        <line num="100" count="14" type="stmt"/>
        <line num="104" count="2" type="stmt"/>
      </file>
      <file name="UserService.js" path="/Users/harshithvenkatesh/Documents/Projects/whatfix-discussion/src/services/UserService.js">
        <metrics statements="32" coveredstatements="31" conditionals="16" coveredconditionals="15" methods="9" coveredmethods="9"/>
        <line num="1" count="3" type="stmt"/>
        <line num="2" count="3" type="stmt"/>
        <line num="5" count="3" type="stmt"/>
        <line num="9" count="17" type="stmt"/>
        <line num="10" count="17" type="cond" truecount="2" falsecount="0"/>
        <line num="11" count="2" type="stmt"/>
        <line num="14" count="15" type="stmt"/>
        <line num="15" count="15" type="stmt"/>
        <line num="16" count="15" type="stmt"/>
        <line num="20" count="4" type="stmt"/>
        <line num="21" count="4" type="cond" truecount="2" falsecount="0"/>
        <line num="22" count="2" type="stmt"/>
        <line num="24" count="2" type="stmt"/>
        <line num="28" count="4" type="stmt"/>
        <line num="32" count="4" type="stmt"/>
        <line num="33" count="4" type="cond" truecount="2" falsecount="0"/>
        <line num="34" count="1" type="stmt"/>
        <line num="37" count="3" type="cond" truecount="2" falsecount="0"/>
        <line num="38" count="2" type="stmt"/>
        <line num="40" count="3" type="cond" truecount="2" falsecount="0"/>
        <line num="41" count="1" type="stmt"/>
        <line num="42" count="2" type="cond" truecount="2" falsecount="0"/>
        <line num="44" count="1" type="cond" truecount="1" falsecount="1"/>
        <line num="45" count="1" type="stmt"/>
        <line num="47" count="0" type="stmt"/>
        <line num="50" count="2" type="stmt"/>
        <line num="51" count="2" type="stmt"/>
        <line num="55" count="3" type="cond" truecount="2" falsecount="0"/>
        <line num="56" count="1" type="stmt"/>
        <line num="58" count="2" type="stmt"/>
        <line num="63" count="21" type="stmt"/>
        <line num="67" count="3" type="stmt"/>
      </file>
    </package>
    <package name="src.socket">
      <metrics statements="11" coveredstatements="0" conditionals="0" coveredconditionals="0" methods="2" coveredmethods="0"/>
      <file name="index.js" path="/Users/harshithvenkatesh/Documents/Projects/whatfix-discussion/src/socket/index.js">
        <metrics statements="11" coveredstatements="0" conditionals="0" coveredconditionals="0" methods="2" coveredmethods="0"/>
        <line num="14" count="0" type="stmt"/>
        <line num="15" count="0" type="stmt"/>
        <line num="16" count="0" type="stmt"/>
        <line num="17" count="0" type="stmt"/>
        <line num="20" count="0" type="stmt"/>
        <line num="31" count="0" type="stmt"/>
        <line num="32" count="0" type="stmt"/>
        <line num="34" count="0" type="stmt"/>
        <line num="35" count="0" type="stmt"/>
        <line num="38" count="0" type="stmt"/>
        <line num="41" count="0" type="stmt"/>
      </file>
    </package>
    <package name="src.socket.handlers">
      <metrics statements="62" coveredstatements="53" conditionals="33" coveredconditionals="24" methods="9" coveredmethods="9"/>
      <file name="messageHandler.js" path="/Users/harshithvenkatesh/Documents/Projects/whatfix-discussion/src/socket/handlers/messageHandler.js">
        <metrics statements="30" coveredstatements="23" conditionals="14" coveredconditionals="10" methods="4" coveredmethods="4"/>
        <line num="18" count="1" type="stmt"/>
        <line num="19" count="1" type="stmt"/>
        <line num="20" count="1" type="stmt"/>
        <line num="24" count="10" type="cond" truecount="0" falsecount="1"/>
        <line num="25" count="6" type="cond" truecount="5" falsecount="0"/>
        <line num="26" count="1" type="stmt"/>
        <line num="29" count="5" type="stmt"/>
        <line num="30" count="5" type="stmt"/>
        <line num="38" count="5" type="stmt"/>
        <line num="41" count="5" type="stmt"/>
        <line num="43" count="5" type="stmt"/>
        <line num="45" count="0" type="stmt"/>
        <line num="46" count="0" type="stmt"/>
        <line num="51" count="10" type="cond" truecount="0" falsecount="1"/>
        <line num="52" count="2" type="cond" truecount="3" falsecount="1"/>
        <line num="53" count="0" type="stmt"/>
        <line num="56" count="2" type="stmt"/>
        <line num="57" count="2" type="stmt"/>
        <line num="60" count="2" type="stmt"/>
        <line num="65" count="0" type="stmt"/>
        <line num="66" count="0" type="stmt"/>
        <line num="71" count="10" type="cond" truecount="0" falsecount="1"/>
        <line num="72" count="2" type="cond" truecount="2" falsecount="0"/>
        <line num="73" count="1" type="stmt"/>
        <line num="76" count="1" type="stmt"/>
        <line num="77" count="1" type="stmt"/>
        <line num="80" count="1" type="stmt"/>
        <line num="85" count="0" type="stmt"/>
        <line num="86" count="0" type="stmt"/>
        <line num="91" count="1" type="stmt"/>
      </file>
      <file name="presenceHandler.js" path="/Users/harshithvenkatesh/Documents/Projects/whatfix-discussion/src/socket/handlers/presenceHandler.js">
        <metrics statements="32" coveredstatements="30" conditionals="19" coveredconditionals="14" methods="5" coveredmethods="5"/>
        <line num="19" count="2" type="stmt"/>
        <line num="20" count="2" type="stmt"/>
        <line num="23" count="26" type="stmt"/>
        <line num="26" count="26" type="cond" truecount="0" falsecount="1"/>
        <line num="27" count="20" type="cond" truecount="2" falsecount="0"/>
        <line num="28" count="1" type="stmt"/>
        <line num="31" count="19" type="stmt"/>
        <line num="32" count="19" type="stmt"/>
        <line num="33" count="19" type="stmt"/>
        <line num="36" count="19" type="stmt"/>
        <line num="38" count="19" type="stmt"/>
        <line num="41" count="19" type="stmt"/>
        <line num="44" count="19" type="cond" truecount="2" falsecount="0"/>
        <line num="45" count="17" type="stmt"/>
        <line num="50" count="26" type="cond" truecount="0" falsecount="1"/>
        <line num="51" count="2" type="cond" truecount="3" falsecount="1"/>
        <line num="52" count="0" type="stmt"/>
        <line num="55" count="2" type="stmt"/>
        <line num="58" count="2" type="stmt"/>
        <line num="62" count="26" type="cond" truecount="0" falsecount="1"/>
        <line num="63" count="1" type="cond" truecount="3" falsecount="1"/>
        <line num="64" count="0" type="stmt"/>
        <line num="67" count="1" type="stmt"/>
        <line num="68" count="1" type="stmt"/>
        <line num="72" count="26" type="stmt"/>
        <line num="73" count="26" type="cond" truecount="2" falsecount="0"/>
        <line num="74" count="7" type="stmt"/>
        <line num="77" count="19" type="stmt"/>
        <line num="78" count="19" type="stmt"/>
        <line num="80" count="19" type="cond" truecount="2" falsecount="0"/>
        <line num="81" count="17" type="stmt"/>
        <line num="86" count="2" type="stmt"/>
      </file>
    </package>
  </project>
</coverage>
