{"/Users/harshithvenkatesh/Documents/Projects/whatfix-discussion/src/app.js": {"path":"/Users/harshithvenkatesh/Documents/Projects/whatfix-discussion/src/app.js","statementMap":{"0":{"start":{"line":1,"column":16},"end":{"line":1,"column":34}},"1":{"start":{"line":2,"column":22},"end":{"line":2,"column":60}},"2":{"start":{"line":3,"column":21},"end":{"line":3,"column":58}},"3":{"start":{"line":4,"column":17},"end":{"line":4,"column":50}},"4":{"start":{"line":5,"column":19},"end":{"line":5,"column":49}},"5":{"start":{"line":6,"column":22},"end":{"line":6,"column":55}},"6":{"start":{"line":8,"column":12},"end":{"line":8,"column":21}},"7":{"start":{"line":10,"column":0},"end":{"line":10,"column":24}},"8":{"start":{"line":11,"column":0},"end":{"line":11,"column":23}},"9":{"start":{"line":13,"column":0},"end":{"line":13,"column":62}},"10":{"start":{"line":13,"column":34},"end":{"line":13,"column":60}},"11":{"start":{"line":15,"column":0},"end":{"line":15,"column":34}},"12":{"start":{"line":16,"column":0},"end":{"line":16,"column":40}},"13":{"start":{"line":18,"column":0},"end":{"line":18,"column":18}},"14":{"start":{"line":19,"column":0},"end":{"line":19,"column":22}},"15":{"start":{"line":21,"column":0},"end":{"line":21,"column":21}}},"fnMap":{"0":{"name":"(anonymous_0)","decl":{"start":{"line":13,"column":19},"end":{"line":13,"column":20}},"loc":{"start":{"line":13,"column":34},"end":{"line":13,"column":60}},"line":13}},"branchMap":{},"s":{"0":2,"1":2,"2":2,"3":2,"4":2,"5":2,"6":2,"7":2,"8":2,"9":2,"10":0,"11":2,"12":2,"13":2,"14":2,"15":2},"f":{"0":0},"b":{},"_coverageSchema":"1a1c01bbd47fc00a2c39e90264f33305004495a9","hash":"cac856eb16bc93d584e307828fb6233bb710e09c"}
,"/Users/harshithvenkatesh/Documents/Projects/whatfix-discussion/src/config/env.js": {"path":"/Users/harshithvenkatesh/Documents/Projects/whatfix-discussion/src/config/env.js","statementMap":{"0":{"start":{"line":1,"column":0},"end":{"line":1,"column":27}},"1":{"start":{"line":3,"column":15},"end":{"line":7,"column":1}},"2":{"start":{"line":9,"column":0},"end":{"line":9,"column":24}}},"fnMap":{},"branchMap":{"0":{"loc":{"start":{"line":4,"column":11},"end":{"line":4,"column":48}},"type":"binary-expr","locations":[{"start":{"line":4,"column":11},"end":{"line":4,"column":31}},{"start":{"line":4,"column":35},"end":{"line":4,"column":48}}],"line":4},"1":{"loc":{"start":{"line":5,"column":8},"end":{"line":5,"column":46}},"type":"binary-expr","locations":[{"start":{"line":5,"column":8},"end":{"line":5,"column":38}},{"start":{"line":5,"column":42},"end":{"line":5,"column":46}}],"line":5},"2":{"loc":{"start":{"line":6,"column":12},"end":{"line":6,"column":43}},"type":"binary-expr","locations":[{"start":{"line":6,"column":12},"end":{"line":6,"column":33}},{"start":{"line":6,"column":37},"end":{"line":6,"column":43}}],"line":6}},"s":{"0":7,"1":7,"2":7},"f":{},"b":{"0":[7,0],"1":[7,7],"2":[7,7]},"_coverageSchema":"1a1c01bbd47fc00a2c39e90264f33305004495a9","hash":"7812ed5231c180f88205233582b7ffcd19369159"}
,"/Users/harshithvenkatesh/Documents/Projects/whatfix-discussion/src/config/logger.js": {"path":"/Users/harshithvenkatesh/Documents/Projects/whatfix-discussion/src/config/logger.js","statementMap":{"0":{"start":{"line":1,"column":45},"end":{"line":1,"column":63}},"1":{"start":{"line":2,"column":30},"end":{"line":2,"column":46}},"2":{"start":{"line":4,"column":15},"end":{"line":18,"column":2}},"3":{"start":{"line":12,"column":10},"end":{"line":14,"column":66}},"4":{"start":{"line":20,"column":0},"end":{"line":20,"column":24}}},"fnMap":{"0":{"name":"(anonymous_0)","decl":{"start":{"line":11,"column":22},"end":{"line":11,"column":23}},"loc":{"start":{"line":11,"column":64},"end":{"line":15,"column":9}},"line":11}},"branchMap":{"0":{"loc":{"start":{"line":9,"column":4},"end":{"line":15,"column":10}},"type":"cond-expr","locations":[{"start":{"line":10,"column":8},"end":{"line":10,"column":21}},{"start":{"line":11,"column":8},"end":{"line":15,"column":10}}],"line":9},"1":{"loc":{"start":{"line":12,"column":17},"end":{"line":14,"column":65}},"type":"cond-expr","locations":[{"start":{"line":13,"column":14},"end":{"line":13,"column":75}},{"start":{"line":14,"column":14},"end":{"line":14,"column":65}}],"line":12}},"s":{"0":7,"1":7,"2":7,"3":80,"4":7},"f":{"0":80},"b":{"0":[0,7],"1":[1,79]},"_coverageSchema":"1a1c01bbd47fc00a2c39e90264f33305004495a9","hash":"7644d0b98c657966d2da020561b3cef4293c5c9b"}
,"/Users/harshithvenkatesh/Documents/Projects/whatfix-discussion/src/controllers/MessageController.js": {"path":"/Users/harshithvenkatesh/Documents/Projects/whatfix-discussion/src/controllers/MessageController.js","statementMap":{"0":{"start":{"line":1,"column":23},"end":{"line":1,"column":60}},"1":{"start":{"line":5,"column":4},"end":{"line":10,"column":5}},"2":{"start":{"line":6,"column":18},"end":{"line":6,"column":53}},"3":{"start":{"line":7,"column":6},"end":{"line":7,"column":42}},"4":{"start":{"line":9,"column":6},"end":{"line":9,"column":16}},"5":{"start":{"line":14,"column":4},"end":{"line":19,"column":5}},"6":{"start":{"line":15,"column":18},"end":{"line":15,"column":62}},"7":{"start":{"line":16,"column":6},"end":{"line":16,"column":30}},"8":{"start":{"line":18,"column":6},"end":{"line":18,"column":16}},"9":{"start":{"line":23,"column":4},"end":{"line":33,"column":5}},"10":{"start":{"line":24,"column":31},"end":{"line":24,"column":41}},"11":{"start":{"line":25,"column":32},"end":{"line":25,"column":41}},"12":{"start":{"line":26,"column":23},"end":{"line":29,"column":8}},"13":{"start":{"line":30,"column":6},"end":{"line":30,"column":35}},"14":{"start":{"line":32,"column":6},"end":{"line":32,"column":16}},"15":{"start":{"line":37,"column":4},"end":{"line":42,"column":5}},"16":{"start":{"line":38,"column":20},"end":{"line":38,"column":75}},"17":{"start":{"line":39,"column":6},"end":{"line":39,"column":36}},"18":{"start":{"line":41,"column":6},"end":{"line":41,"column":16}},"19":{"start":{"line":46,"column":4},"end":{"line":51,"column":5}},"20":{"start":{"line":47,"column":18},"end":{"line":47,"column":83}},"21":{"start":{"line":48,"column":6},"end":{"line":48,"column":30}},"22":{"start":{"line":50,"column":6},"end":{"line":50,"column":16}},"23":{"start":{"line":55,"column":0},"end":{"line":55,"column":41}}},"fnMap":{"0":{"name":"(anonymous_0)","decl":{"start":{"line":4,"column":2},"end":{"line":4,"column":3}},"loc":{"start":{"line":4,"column":29},"end":{"line":11,"column":3}},"line":4},"1":{"name":"(anonymous_1)","decl":{"start":{"line":13,"column":2},"end":{"line":13,"column":3}},"loc":{"start":{"line":13,"column":33},"end":{"line":20,"column":3}},"line":13},"2":{"name":"(anonymous_2)","decl":{"start":{"line":22,"column":2},"end":{"line":22,"column":3}},"loc":{"start":{"line":22,"column":40},"end":{"line":34,"column":3}},"line":22},"3":{"name":"(anonymous_3)","decl":{"start":{"line":36,"column":2},"end":{"line":36,"column":3}},"loc":{"start":{"line":36,"column":36},"end":{"line":43,"column":3}},"line":36},"4":{"name":"(anonymous_4)","decl":{"start":{"line":45,"column":2},"end":{"line":45,"column":3}},"loc":{"start":{"line":45,"column":37},"end":{"line":52,"column":3}},"line":45}},"branchMap":{"0":{"loc":{"start":{"line":27,"column":15},"end":{"line":27,"column":54}},"type":"cond-expr","locations":[{"start":{"line":27,"column":23},"end":{"line":27,"column":42}},{"start":{"line":27,"column":45},"end":{"line":27,"column":54}}],"line":27}},"s":{"0":2,"1":10,"2":10,"3":10,"4":0,"5":0,"6":0,"7":0,"8":0,"9":2,"10":2,"11":2,"12":2,"13":2,"14":0,"15":1,"16":1,"17":1,"18":0,"19":1,"20":1,"21":1,"22":0,"23":2},"f":{"0":10,"1":0,"2":2,"3":1,"4":1},"b":{"0":[1,1]},"_coverageSchema":"1a1c01bbd47fc00a2c39e90264f33305004495a9","hash":"270b8eb33ed370fc127aca0524d11646485cddf9"}
,"/Users/harshithvenkatesh/Documents/Projects/whatfix-discussion/src/controllers/UserController.js": {"path":"/Users/harshithvenkatesh/Documents/Projects/whatfix-discussion/src/controllers/UserController.js","statementMap":{"0":{"start":{"line":1,"column":20},"end":{"line":1,"column":54}},"1":{"start":{"line":5,"column":4},"end":{"line":10,"column":5}},"2":{"start":{"line":6,"column":19},"end":{"line":6,"column":53}},"3":{"start":{"line":7,"column":6},"end":{"line":7,"column":43}},"4":{"start":{"line":9,"column":6},"end":{"line":9,"column":16}},"5":{"start":{"line":14,"column":4},"end":{"line":19,"column":5}},"6":{"start":{"line":15,"column":20},"end":{"line":15,"column":47}},"7":{"start":{"line":16,"column":6},"end":{"line":16,"column":32}},"8":{"start":{"line":18,"column":6},"end":{"line":18,"column":16}},"9":{"start":{"line":23,"column":4},"end":{"line":28,"column":5}},"10":{"start":{"line":24,"column":19},"end":{"line":24,"column":60}},"11":{"start":{"line":25,"column":6},"end":{"line":25,"column":31}},"12":{"start":{"line":27,"column":6},"end":{"line":27,"column":16}},"13":{"start":{"line":32,"column":4},"end":{"line":37,"column":5}},"14":{"start":{"line":33,"column":19},"end":{"line":33,"column":68}},"15":{"start":{"line":34,"column":6},"end":{"line":34,"column":31}},"16":{"start":{"line":36,"column":6},"end":{"line":36,"column":16}},"17":{"start":{"line":41,"column":4},"end":{"line":46,"column":5}},"18":{"start":{"line":42,"column":6},"end":{"line":42,"column":46}},"19":{"start":{"line":43,"column":6},"end":{"line":43,"column":29}},"20":{"start":{"line":45,"column":6},"end":{"line":45,"column":16}},"21":{"start":{"line":50,"column":0},"end":{"line":50,"column":38}}},"fnMap":{"0":{"name":"(anonymous_0)","decl":{"start":{"line":4,"column":2},"end":{"line":4,"column":3}},"loc":{"start":{"line":4,"column":31},"end":{"line":11,"column":3}},"line":4},"1":{"name":"(anonymous_1)","decl":{"start":{"line":13,"column":2},"end":{"line":13,"column":3}},"loc":{"start":{"line":13,"column":33},"end":{"line":20,"column":3}},"line":13},"2":{"name":"(anonymous_2)","decl":{"start":{"line":22,"column":2},"end":{"line":22,"column":3}},"loc":{"start":{"line":22,"column":33},"end":{"line":29,"column":3}},"line":22},"3":{"name":"(anonymous_3)","decl":{"start":{"line":31,"column":2},"end":{"line":31,"column":3}},"loc":{"start":{"line":31,"column":31},"end":{"line":38,"column":3}},"line":31},"4":{"name":"(anonymous_4)","decl":{"start":{"line":40,"column":2},"end":{"line":40,"column":3}},"loc":{"start":{"line":40,"column":31},"end":{"line":47,"column":3}},"line":40}},"branchMap":{},"s":{"0":2,"1":6,"2":6,"3":5,"4":1,"5":1,"6":1,"7":1,"8":0,"9":2,"10":2,"11":1,"12":1,"13":1,"14":1,"15":1,"16":0,"17":1,"18":1,"19":1,"20":0,"21":2},"f":{"0":6,"1":1,"2":2,"3":1,"4":1},"b":{},"_coverageSchema":"1a1c01bbd47fc00a2c39e90264f33305004495a9","hash":"9fd9a2faf0c1473bc036a0db88c91d2cd95ac5a0"}
,"/Users/harshithvenkatesh/Documents/Projects/whatfix-discussion/src/middlewares/errorHandler.js": {"path":"/Users/harshithvenkatesh/Documents/Projects/whatfix-discussion/src/middlewares/errorHandler.js","statementMap":{"0":{"start":{"line":1,"column":15},"end":{"line":1,"column":42}},"1":{"start":{"line":2,"column":20},"end":{"line":2,"column":44}},"2":{"start":{"line":10,"column":17},"end":{"line":10,"column":52}},"3":{"start":{"line":11,"column":18},"end":{"line":11,"column":56}},"4":{"start":{"line":13,"column":2},"end":{"line":15,"column":3}},"5":{"start":{"line":14,"column":4},"end":{"line":14,"column":22}},"6":{"start":{"line":17,"column":15},"end":{"line":17,"column":45}},"7":{"start":{"line":19,"column":2},"end":{"line":21,"column":3}},"8":{"start":{"line":20,"column":4},"end":{"line":20,"column":37}},"9":{"start":{"line":23,"column":2},"end":{"line":25,"column":3}},"10":{"start":{"line":24,"column":4},"end":{"line":24,"column":33}},"11":{"start":{"line":27,"column":2},"end":{"line":27,"column":32}},"12":{"start":{"line":30,"column":0},"end":{"line":30,"column":30}}},"fnMap":{"0":{"name":"errorHandler","decl":{"start":{"line":9,"column":9},"end":{"line":9,"column":21}},"loc":{"start":{"line":9,"column":44},"end":{"line":28,"column":1}},"line":9}},"branchMap":{"0":{"loc":{"start":{"line":10,"column":17},"end":{"line":10,"column":52}},"type":"binary-expr","locations":[{"start":{"line":10,"column":17},"end":{"line":10,"column":27}},{"start":{"line":10,"column":31},"end":{"line":10,"column":45}},{"start":{"line":10,"column":49},"end":{"line":10,"column":52}}],"line":10},"1":{"loc":{"start":{"line":11,"column":18},"end":{"line":11,"column":56}},"type":"binary-expr","locations":[{"start":{"line":11,"column":18},"end":{"line":11,"column":29}},{"start":{"line":11,"column":33},"end":{"line":11,"column":56}}],"line":11},"2":{"loc":{"start":{"line":13,"column":2},"end":{"line":15,"column":3}},"type":"if","locations":[{"start":{"line":13,"column":2},"end":{"line":15,"column":3}},{"start":{},"end":{}}],"line":13},"3":{"loc":{"start":{"line":19,"column":2},"end":{"line":21,"column":3}},"type":"if","locations":[{"start":{"line":19,"column":2},"end":{"line":21,"column":3}},{"start":{},"end":{}}],"line":19},"4":{"loc":{"start":{"line":23,"column":2},"end":{"line":25,"column":3}},"type":"if","locations":[{"start":{"line":23,"column":2},"end":{"line":25,"column":3}},{"start":{},"end":{}}],"line":23},"5":{"loc":{"start":{"line":23,"column":6},"end":{"line":23,"column":47}},"type":"binary-expr","locations":[{"start":{"line":23,"column":6},"end":{"line":23,"column":30}},{"start":{"line":23,"column":34},"end":{"line":23,"column":47}}],"line":23}},"s":{"0":3,"1":3,"2":10,"3":10,"4":10,"5":1,"6":10,"7":10,"8":6,"9":10,"10":1,"11":10,"12":3},"f":{"0":10},"b":{"0":[10,1,1],"1":[10,0],"2":[1,9],"3":[6,4],"4":[1,9],"5":[10,10]},"_coverageSchema":"1a1c01bbd47fc00a2c39e90264f33305004495a9","hash":"b14358239d5bbed1a643f4c382cf2773f2a23585"}
,"/Users/harshithvenkatesh/Documents/Projects/whatfix-discussion/src/middlewares/notFound.js": {"path":"/Users/harshithvenkatesh/Documents/Projects/whatfix-discussion/src/middlewares/notFound.js","statementMap":{"0":{"start":{"line":1,"column":20},"end":{"line":1,"column":42}},"1":{"start":{"line":7,"column":2},"end":{"line":7,"column":77}},"2":{"start":{"line":10,"column":0},"end":{"line":10,"column":26}}},"fnMap":{"0":{"name":"notFound","decl":{"start":{"line":6,"column":9},"end":{"line":6,"column":17}},"loc":{"start":{"line":6,"column":35},"end":{"line":8,"column":1}},"line":6}},"branchMap":{},"s":{"0":2,"1":0,"2":2},"f":{"0":0},"b":{},"_coverageSchema":"1a1c01bbd47fc00a2c39e90264f33305004495a9","hash":"887b7262aeb28817c594aef5564ba810c9d0369a"}
,"/Users/harshithvenkatesh/Documents/Projects/whatfix-discussion/src/middlewares/requestLogger.js": {"path":"/Users/harshithvenkatesh/Documents/Projects/whatfix-discussion/src/middlewares/requestLogger.js","statementMap":{"0":{"start":{"line":1,"column":15},"end":{"line":1,"column":42}},"1":{"start":{"line":8,"column":16},"end":{"line":8,"column":26}},"2":{"start":{"line":10,"column":2},"end":{"line":14,"column":5}},"3":{"start":{"line":11,"column":21},"end":{"line":11,"column":39}},"4":{"start":{"line":12,"column":18},"end":{"line":12,"column":91}},"5":{"start":{"line":13,"column":4},"end":{"line":13,"column":88}},"6":{"start":{"line":16,"column":2},"end":{"line":16,"column":9}},"7":{"start":{"line":19,"column":0},"end":{"line":19,"column":31}}},"fnMap":{"0":{"name":"requestLogger","decl":{"start":{"line":7,"column":9},"end":{"line":7,"column":22}},"loc":{"start":{"line":7,"column":39},"end":{"line":17,"column":1}},"line":7},"1":{"name":"(anonymous_1)","decl":{"start":{"line":10,"column":19},"end":{"line":10,"column":20}},"loc":{"start":{"line":10,"column":25},"end":{"line":14,"column":3}},"line":10}},"branchMap":{"0":{"loc":{"start":{"line":12,"column":18},"end":{"line":12,"column":91}},"type":"cond-expr","locations":[{"start":{"line":12,"column":42},"end":{"line":12,"column":49}},{"start":{"line":12,"column":52},"end":{"line":12,"column":91}}],"line":12},"1":{"loc":{"start":{"line":12,"column":52},"end":{"line":12,"column":91}},"type":"cond-expr","locations":[{"start":{"line":12,"column":76},"end":{"line":12,"column":82}},{"start":{"line":12,"column":85},"end":{"line":12,"column":91}}],"line":12}},"s":{"0":3,"1":33,"2":33,"3":31,"4":31,"5":31,"6":33,"7":3},"f":{"0":33,"1":31},"b":{"0":[0,31],"1":[7,24]},"_coverageSchema":"1a1c01bbd47fc00a2c39e90264f33305004495a9","hash":"e022672591ff117899b6082e6daf12bf73ae2349"}
,"/Users/harshithvenkatesh/Documents/Projects/whatfix-discussion/src/middlewares/validate.js": {"path":"/Users/harshithvenkatesh/Documents/Projects/whatfix-discussion/src/middlewares/validate.js","statementMap":{"0":{"start":{"line":1,"column":29},"end":{"line":1,"column":57}},"1":{"start":{"line":2,"column":20},"end":{"line":2,"column":42}},"2":{"start":{"line":9,"column":17},"end":{"line":9,"column":38}},"3":{"start":{"line":10,"column":2},"end":{"line":13,"column":3}},"4":{"start":{"line":11,"column":20},"end":{"line":11,"column":90}},"5":{"start":{"line":11,"column":59},"end":{"line":11,"column":88}},"6":{"start":{"line":12,"column":4},"end":{"line":12,"column":68}},"7":{"start":{"line":14,"column":2},"end":{"line":14,"column":9}},"8":{"start":{"line":17,"column":0},"end":{"line":17,"column":26}}},"fnMap":{"0":{"name":"validate","decl":{"start":{"line":8,"column":9},"end":{"line":8,"column":17}},"loc":{"start":{"line":8,"column":35},"end":{"line":15,"column":1}},"line":8},"1":{"name":"(anonymous_1)","decl":{"start":{"line":11,"column":39},"end":{"line":11,"column":40}},"loc":{"start":{"line":11,"column":59},"end":{"line":11,"column":88}},"line":11}},"branchMap":{"0":{"loc":{"start":{"line":10,"column":2},"end":{"line":13,"column":3}},"type":"if","locations":[{"start":{"line":10,"column":2},"end":{"line":13,"column":3}},{"start":{},"end":{}}],"line":10}},"s":{"0":3,"1":3,"2":31,"3":31,"4":6,"5":6,"6":6,"7":25,"8":3},"f":{"0":31,"1":6},"b":{"0":[6,25]},"_coverageSchema":"1a1c01bbd47fc00a2c39e90264f33305004495a9","hash":"dbcee8a07f32bfb5c1c9888f60424c9cda0ffdb0"}
,"/Users/harshithvenkatesh/Documents/Projects/whatfix-discussion/src/models/Message.js": {"path":"/Users/harshithvenkatesh/Documents/Projects/whatfix-discussion/src/models/Message.js","statementMap":{"0":{"start":{"line":24,"column":23},"end":{"line":24,"column":40}},"1":{"start":{"line":28,"column":11},"end":{"line":28,"column":12}},"2":{"start":{"line":30,"column":23},"end":{"line":34,"column":2}},"3":{"start":{"line":45,"column":4},"end":{"line":47,"column":5}},"4":{"start":{"line":46,"column":6},"end":{"line":46,"column":46}},"5":{"start":{"line":48,"column":4},"end":{"line":50,"column":5}},"6":{"start":{"line":49,"column":6},"end":{"line":49,"column":48}},"7":{"start":{"line":51,"column":4},"end":{"line":53,"column":5}},"8":{"start":{"line":52,"column":6},"end":{"line":52,"column":45}},"9":{"start":{"line":54,"column":4},"end":{"line":56,"column":5}},"10":{"start":{"line":55,"column":6},"end":{"line":55,"column":92}},"11":{"start":{"line":58,"column":4},"end":{"line":58,"column":27}},"12":{"start":{"line":59,"column":4},"end":{"line":59,"column":22}},"13":{"start":{"line":60,"column":4},"end":{"line":60,"column":29}},"14":{"start":{"line":61,"column":4},"end":{"line":61,"column":33}},"15":{"start":{"line":62,"column":4},"end":{"line":62,"column":34}},"16":{"start":{"line":63,"column":4},"end":{"line":63,"column":25}},"17":{"start":{"line":64,"column":4},"end":{"line":64,"column":32}},"18":{"start":{"line":65,"column":4},"end":{"line":65,"column":32}},"19":{"start":{"line":66,"column":4},"end":{"line":66,"column":32}},"20":{"start":{"line":74,"column":18},"end":{"line":74,"column":86}},"21":{"start":{"line":75,"column":25},"end":{"line":75,"column":51}},"22":{"start":{"line":76,"column":22},"end":{"line":76,"column":46}},"23":{"start":{"line":78,"column":4},"end":{"line":80,"column":5}},"24":{"start":{"line":79,"column":6},"end":{"line":79,"column":54}},"25":{"start":{"line":81,"column":4},"end":{"line":83,"column":5}},"26":{"start":{"line":82,"column":6},"end":{"line":82,"column":83}},"27":{"start":{"line":85,"column":4},"end":{"line":85,"column":28}},"28":{"start":{"line":86,"column":4},"end":{"line":86,"column":32}},"29":{"start":{"line":87,"column":4},"end":{"line":87,"column":16}},"30":{"start":{"line":91,"column":4},"end":{"line":101,"column":6}},"31":{"start":{"line":114,"column":0},"end":{"line":123,"column":2}},"32":{"start":{"line":125,"column":0},"end":{"line":125,"column":32}},"33":{"start":{"line":128,"column":0},"end":{"line":128,"column":40}},"34":{"start":{"line":128,"column":28},"end":{"line":128,"column":37}},"35":{"start":{"line":130,"column":0},"end":{"line":130,"column":25}}},"fnMap":{"0":{"name":"(anonymous_0)","decl":{"start":{"line":44,"column":2},"end":{"line":44,"column":3}},"loc":{"start":{"line":44,"column":79},"end":{"line":67,"column":3}},"line":44},"1":{"name":"(anonymous_1)","decl":{"start":{"line":73,"column":2},"end":{"line":73,"column":3}},"loc":{"start":{"line":73,"column":26},"end":{"line":88,"column":3}},"line":73},"2":{"name":"(anonymous_2)","decl":{"start":{"line":90,"column":2},"end":{"line":90,"column":3}},"loc":{"start":{"line":90,"column":11},"end":{"line":102,"column":3}},"line":90},"3":{"name":"(anonymous_3)","decl":{"start":{"line":128,"column":20},"end":{"line":128,"column":21}},"loc":{"start":{"line":128,"column":26},"end":{"line":128,"column":39}},"line":128}},"branchMap":{"0":{"loc":{"start":{"line":44,"column":47},"end":{"line":44,"column":75}},"type":"default-arg","locations":[{"start":{"line":44,"column":56},"end":{"line":44,"column":75}}],"line":44},"1":{"loc":{"start":{"line":45,"column":4},"end":{"line":47,"column":5}},"type":"if","locations":[{"start":{"line":45,"column":4},"end":{"line":47,"column":5}},{"start":{},"end":{}}],"line":45},"2":{"loc":{"start":{"line":48,"column":4},"end":{"line":50,"column":5}},"type":"if","locations":[{"start":{"line":48,"column":4},"end":{"line":50,"column":5}},{"start":{},"end":{}}],"line":48},"3":{"loc":{"start":{"line":51,"column":4},"end":{"line":53,"column":5}},"type":"if","locations":[{"start":{"line":51,"column":4},"end":{"line":53,"column":5}},{"start":{},"end":{}}],"line":51},"4":{"loc":{"start":{"line":51,"column":8},"end":{"line":51,"column":41}},"type":"binary-expr","locations":[{"start":{"line":51,"column":8},"end":{"line":51,"column":16}},{"start":{"line":51,"column":20},"end":{"line":51,"column":41}}],"line":51},"5":{"loc":{"start":{"line":54,"column":4},"end":{"line":56,"column":5}},"type":"if","locations":[{"start":{"line":54,"column":4},"end":{"line":56,"column":5}},{"start":{},"end":{}}],"line":54},"6":{"loc":{"start":{"line":78,"column":4},"end":{"line":80,"column":5}},"type":"if","locations":[{"start":{"line":78,"column":4},"end":{"line":80,"column":5}},{"start":{},"end":{}}],"line":78},"7":{"loc":{"start":{"line":81,"column":4},"end":{"line":83,"column":5}},"type":"if","locations":[{"start":{"line":81,"column":4},"end":{"line":83,"column":5}},{"start":{},"end":{}}],"line":81}},"s":{"0":5,"1":5,"2":5,"3":49,"4":0,"5":49,"6":0,"7":49,"8":0,"9":49,"10":0,"11":49,"12":49,"13":49,"14":49,"15":49,"16":49,"17":49,"18":49,"19":49,"20":10,"21":10,"22":10,"23":10,"24":0,"25":10,"26":1,"27":9,"28":9,"29":9,"30":84,"31":5,"32":5,"33":5,"34":16,"35":5},"f":{"0":49,"1":10,"2":84,"3":16},"b":{"0":[49],"1":[0,49],"2":[0,49],"3":[0,49],"4":[49,49],"5":[0,49],"6":[0,10],"7":[1,9]},"_coverageSchema":"1a1c01bbd47fc00a2c39e90264f33305004495a9","hash":"bd9e7761779a4877388cbdc321b9182c9b678fcd"}
,"/Users/harshithvenkatesh/Documents/Projects/whatfix-discussion/src/models/User.js": {"path":"/Users/harshithvenkatesh/Documents/Projects/whatfix-discussion/src/models/User.js","statementMap":{"0":{"start":{"line":7,"column":23},"end":{"line":7,"column":40}},"1":{"start":{"line":16,"column":4},"end":{"line":16,"column":27}},"2":{"start":{"line":17,"column":4},"end":{"line":17,"column":21}},"3":{"start":{"line":18,"column":4},"end":{"line":18,"column":37}},"4":{"start":{"line":19,"column":4},"end":{"line":19,"column":32}},"5":{"start":{"line":20,"column":4},"end":{"line":20,"column":32}},"6":{"start":{"line":24,"column":4},"end":{"line":30,"column":6}},"7":{"start":{"line":41,"column":0},"end":{"line":47,"column":2}},"8":{"start":{"line":49,"column":0},"end":{"line":49,"column":22}}},"fnMap":{"0":{"name":"(anonymous_0)","decl":{"start":{"line":15,"column":2},"end":{"line":15,"column":3}},"loc":{"start":{"line":15,"column":31},"end":{"line":21,"column":3}},"line":15},"1":{"name":"(anonymous_1)","decl":{"start":{"line":23,"column":2},"end":{"line":23,"column":3}},"loc":{"start":{"line":23,"column":11},"end":{"line":31,"column":3}},"line":23}},"branchMap":{},"s":{"0":3,"1":15,"2":15,"3":15,"4":15,"5":15,"6":21,"7":3,"8":3},"f":{"0":15,"1":21},"b":{},"_coverageSchema":"1a1c01bbd47fc00a2c39e90264f33305004495a9","hash":"6562c03e7564033869764068ca43ac93f4df4997"}
,"/Users/harshithvenkatesh/Documents/Projects/whatfix-discussion/src/routes/messageRoutes.js": {"path":"/Users/harshithvenkatesh/Documents/Projects/whatfix-discussion/src/routes/messageRoutes.js","statementMap":{"0":{"start":{"line":1,"column":19},"end":{"line":1,"column":37}},"1":{"start":{"line":2,"column":31},"end":{"line":2,"column":59}},"2":{"start":{"line":3,"column":26},"end":{"line":3,"column":69}},"3":{"start":{"line":4,"column":17},"end":{"line":4,"column":51}},"4":{"start":{"line":5,"column":16},"end":{"line":5,"column":44}},"5":{"start":{"line":7,"column":15},"end":{"line":7,"column":23}},"6":{"start":{"line":9,"column":18},"end":{"line":10,"column":66}},"7":{"start":{"line":10,"column":2},"end":{"line":10,"column":66}},"8":{"start":{"line":12,"column":0},"end":{"line":21,"column":2}},"9":{"start":{"line":24,"column":0},"end":{"line":34,"column":2}},"10":{"start":{"line":36,"column":0},"end":{"line":40,"column":2}},"11":{"start":{"line":42,"column":0},"end":{"line":46,"column":2}},"12":{"start":{"line":48,"column":0},"end":{"line":58,"column":2}},"13":{"start":{"line":60,"column":0},"end":{"line":60,"column":24}}},"fnMap":{"0":{"name":"(anonymous_0)","decl":{"start":{"line":9,"column":18},"end":{"line":9,"column":19}},"loc":{"start":{"line":10,"column":2},"end":{"line":10,"column":66}},"line":10}},"branchMap":{},"s":{"0":2,"1":2,"2":2,"3":2,"4":2,"5":2,"6":2,"7":10,"8":2,"9":2,"10":2,"11":2,"12":2,"13":2},"f":{"0":10},"b":{},"_coverageSchema":"1a1c01bbd47fc00a2c39e90264f33305004495a9","hash":"adcbcab35cc5dd4008f81ccca0a8dd7f4f67b2c3"}
,"/Users/harshithvenkatesh/Documents/Projects/whatfix-discussion/src/routes/userRoutes.js": {"path":"/Users/harshithvenkatesh/Documents/Projects/whatfix-discussion/src/routes/userRoutes.js","statementMap":{"0":{"start":{"line":1,"column":19},"end":{"line":1,"column":37}},"1":{"start":{"line":2,"column":24},"end":{"line":2,"column":52}},"2":{"start":{"line":3,"column":23},"end":{"line":3,"column":63}},"3":{"start":{"line":4,"column":17},"end":{"line":4,"column":51}},"4":{"start":{"line":6,"column":15},"end":{"line":6,"column":23}},"5":{"start":{"line":8,"column":18},"end":{"line":9,"column":66}},"6":{"start":{"line":9,"column":2},"end":{"line":9,"column":66}},"7":{"start":{"line":11,"column":0},"end":{"line":19,"column":2}},"8":{"start":{"line":21,"column":0},"end":{"line":21,"column":61}},"9":{"start":{"line":23,"column":0},"end":{"line":27,"column":2}},"10":{"start":{"line":29,"column":0},"end":{"line":38,"column":2}},"11":{"start":{"line":40,"column":0},"end":{"line":44,"column":2}},"12":{"start":{"line":46,"column":0},"end":{"line":46,"column":24}}},"fnMap":{"0":{"name":"(anonymous_0)","decl":{"start":{"line":8,"column":18},"end":{"line":8,"column":19}},"loc":{"start":{"line":9,"column":2},"end":{"line":9,"column":66}},"line":9}},"branchMap":{},"s":{"0":2,"1":2,"2":2,"3":2,"4":2,"5":2,"6":6,"7":2,"8":2,"9":2,"10":2,"11":2,"12":2},"f":{"0":6},"b":{},"_coverageSchema":"1a1c01bbd47fc00a2c39e90264f33305004495a9","hash":"a4f64f0ac977b1d444bec6d46f3b3ee5eee8d38f"}
,"/Users/harshithvenkatesh/Documents/Projects/whatfix-discussion/src/services/MessageFeedService.js": {"path":"/Users/harshithvenkatesh/Documents/Projects/whatfix-discussion/src/services/MessageFeedService.js","statementMap":{"0":{"start":{"line":14,"column":20},"end":{"line":14,"column":42}},"1":{"start":{"line":15,"column":23},"end":{"line":15,"column":50}},"2":{"start":{"line":16,"column":15},"end":{"line":16,"column":42}},"3":{"start":{"line":31,"column":2},"end":{"line":51,"column":3}},"4":{"start":{"line":31,"column":21},"end":{"line":31,"column":22}},"5":{"start":{"line":32,"column":4},"end":{"line":50,"column":5}},"6":{"start":{"line":33,"column":6},"end":{"line":33,"column":24}},"7":{"start":{"line":35,"column":6},"end":{"line":35,"column":22}},"8":{"start":{"line":38,"column":6},"end":{"line":40,"column":7}},"9":{"start":{"line":39,"column":8},"end":{"line":39,"column":18}},"10":{"start":{"line":42,"column":6},"end":{"line":49,"column":7}},"11":{"start":{"line":43,"column":23},"end":{"line":43,"column":50}},"12":{"start":{"line":44,"column":22},"end":{"line":44,"column":85}},"13":{"start":{"line":45,"column":8},"end":{"line":47,"column":11}},"14":{"start":{"line":48,"column":8},"end":{"line":48,"column":67}},"15":{"start":{"line":48,"column":39},"end":{"line":48,"column":65}},"16":{"start":{"line":53,"column":2},"end":{"line":53,"column":18}},"17":{"start":{"line":73,"column":21},"end":{"line":78,"column":5}},"18":{"start":{"line":74,"column":6},"end":{"line":77,"column":8}},"19":{"start":{"line":80,"column":17},"end":{"line":80,"column":26}},"20":{"start":{"line":81,"column":25},"end":{"line":81,"column":27}},"21":{"start":{"line":84,"column":4},"end":{"line":100,"column":5}},"22":{"start":{"line":85,"column":6},"end":{"line":87,"column":7}},"23":{"start":{"line":86,"column":8},"end":{"line":86,"column":17}},"24":{"start":{"line":88,"column":6},"end":{"line":88,"column":23}},"25":{"start":{"line":91,"column":6},"end":{"line":93,"column":7}},"26":{"start":{"line":92,"column":8},"end":{"line":92,"column":17}},"27":{"start":{"line":95,"column":6},"end":{"line":95,"column":29}},"28":{"start":{"line":97,"column":6},"end":{"line":99,"column":7}},"29":{"start":{"line":98,"column":8},"end":{"line":98,"column":14}},"30":{"start":{"line":102,"column":4},"end":{"line":102,"column":24}},"31":{"start":{"line":109,"column":4},"end":{"line":109,"column":67}},"32":{"start":{"line":109,"column":27},"end":{"line":109,"column":65}},"33":{"start":{"line":116,"column":4},"end":{"line":116,"column":78}},"34":{"start":{"line":116,"column":27},"end":{"line":116,"column":76}},"35":{"start":{"line":127,"column":4},"end":{"line":130,"column":5}},"36":{"start":{"line":128,"column":6},"end":{"line":128,"column":83}},"37":{"start":{"line":129,"column":6},"end":{"line":129,"column":52}},"38":{"start":{"line":132,"column":20},"end":{"line":132,"column":91}},"39":{"start":{"line":132,"column":36},"end":{"line":132,"column":90}},"40":{"start":{"line":134,"column":4},"end":{"line":138,"column":5}},"41":{"start":{"line":135,"column":6},"end":{"line":135,"column":54}},"42":{"start":{"line":137,"column":6},"end":{"line":137,"column":71}},"43":{"start":{"line":137,"column":28},"end":{"line":137,"column":69}},"44":{"start":{"line":140,"column":4},"end":{"line":140,"column":19}},"45":{"start":{"line":145,"column":4},"end":{"line":145,"column":30}},"46":{"start":{"line":150,"column":17},"end":{"line":150,"column":41}},"47":{"start":{"line":151,"column":0},"end":{"line":151,"column":34}},"48":{"start":{"line":153,"column":0},"end":{"line":153,"column":26}},"49":{"start":{"line":154,"column":0},"end":{"line":154,"column":37}}},"fnMap":{"0":{"name":"withRetry","decl":{"start":{"line":28,"column":15},"end":{"line":28,"column":24}},"loc":{"start":{"line":28,"column":93},"end":{"line":54,"column":1}},"line":28},"1":{"name":"(anonymous_1)","decl":{"start":{"line":48,"column":26},"end":{"line":48,"column":27}},"loc":{"start":{"line":48,"column":39},"end":{"line":48,"column":65}},"line":48},"2":{"name":"(anonymous_2)","decl":{"start":{"line":72,"column":2},"end":{"line":72,"column":3}},"loc":{"start":{"line":72,"column":82},"end":{"line":103,"column":3}},"line":72},"3":{"name":"(anonymous_3)","decl":{"start":{"line":73,"column":37},"end":{"line":73,"column":38}},"loc":{"start":{"line":74,"column":6},"end":{"line":77,"column":8}},"line":74},"4":{"name":"(anonymous_4)","decl":{"start":{"line":108,"column":2},"end":{"line":108,"column":3}},"loc":{"start":{"line":108,"column":32},"end":{"line":110,"column":3}},"line":108},"5":{"name":"(anonymous_5)","decl":{"start":{"line":109,"column":21},"end":{"line":109,"column":22}},"loc":{"start":{"line":109,"column":27},"end":{"line":109,"column":65}},"line":109},"6":{"name":"(anonymous_6)","decl":{"start":{"line":115,"column":2},"end":{"line":115,"column":3}},"loc":{"start":{"line":115,"column":43},"end":{"line":117,"column":3}},"line":115},"7":{"name":"(anonymous_7)","decl":{"start":{"line":116,"column":21},"end":{"line":116,"column":22}},"loc":{"start":{"line":116,"column":27},"end":{"line":116,"column":76}},"line":116},"8":{"name":"(anonymous_8)","decl":{"start":{"line":126,"column":2},"end":{"line":126,"column":3}},"loc":{"start":{"line":126,"column":65},"end":{"line":141,"column":3}},"line":126},"9":{"name":"(anonymous_9)","decl":{"start":{"line":132,"column":30},"end":{"line":132,"column":31}},"loc":{"start":{"line":132,"column":36},"end":{"line":132,"column":90}},"line":132},"10":{"name":"(anonymous_10)","decl":{"start":{"line":137,"column":22},"end":{"line":137,"column":23}},"loc":{"start":{"line":137,"column":28},"end":{"line":137,"column":69}},"line":137},"11":{"name":"(anonymous_11)","decl":{"start":{"line":144,"column":2},"end":{"line":144,"column":3}},"loc":{"start":{"line":144,"column":11},"end":{"line":146,"column":3}},"line":144}},"branchMap":{"0":{"loc":{"start":{"line":28,"column":29},"end":{"line":28,"column":91}},"type":"default-arg","locations":[{"start":{"line":28,"column":89},"end":{"line":28,"column":91}}],"line":28},"1":{"loc":{"start":{"line":28,"column":31},"end":{"line":28,"column":46}},"type":"default-arg","locations":[{"start":{"line":28,"column":45},"end":{"line":28,"column":46}}],"line":28},"2":{"loc":{"start":{"line":28,"column":48},"end":{"line":28,"column":65}},"type":"default-arg","locations":[{"start":{"line":28,"column":62},"end":{"line":28,"column":65}}],"line":28},"3":{"loc":{"start":{"line":28,"column":67},"end":{"line":28,"column":84}},"type":"default-arg","locations":[{"start":{"line":28,"column":80},"end":{"line":28,"column":84}}],"line":28},"4":{"loc":{"start":{"line":38,"column":6},"end":{"line":40,"column":7}},"type":"if","locations":[{"start":{"line":38,"column":6},"end":{"line":40,"column":7}},{"start":{},"end":{}}],"line":38},"5":{"loc":{"start":{"line":38,"column":10},"end":{"line":38,"column":61}},"type":"binary-expr","locations":[{"start":{"line":38,"column":10},"end":{"line":38,"column":20}},{"start":{"line":38,"column":24},"end":{"line":38,"column":41}},{"start":{"line":38,"column":45},"end":{"line":38,"column":61}}],"line":38},"6":{"loc":{"start":{"line":42,"column":6},"end":{"line":49,"column":7}},"type":"if","locations":[{"start":{"line":42,"column":6},"end":{"line":49,"column":7}},{"start":{},"end":{}}],"line":42},"7":{"loc":{"start":{"line":72,"column":43},"end":{"line":72,"column":80}},"type":"default-arg","locations":[{"start":{"line":72,"column":78},"end":{"line":72,"column":80}}],"line":72},"8":{"loc":{"start":{"line":72,"column":45},"end":{"line":72,"column":55}},"type":"default-arg","locations":[{"start":{"line":72,"column":53},"end":{"line":72,"column":55}}],"line":72},"9":{"loc":{"start":{"line":85,"column":6},"end":{"line":87,"column":7}},"type":"if","locations":[{"start":{"line":85,"column":6},"end":{"line":87,"column":7}},{"start":{},"end":{}}],"line":85},"10":{"loc":{"start":{"line":91,"column":6},"end":{"line":93,"column":7}},"type":"if","locations":[{"start":{"line":91,"column":6},"end":{"line":93,"column":7}},{"start":{},"end":{}}],"line":91},"11":{"loc":{"start":{"line":91,"column":10},"end":{"line":91,"column":55}},"type":"binary-expr","locations":[{"start":{"line":91,"column":10},"end":{"line":91,"column":32}},{"start":{"line":91,"column":36},"end":{"line":91,"column":55}}],"line":91},"12":{"loc":{"start":{"line":97,"column":6},"end":{"line":99,"column":7}},"type":"if","locations":[{"start":{"line":97,"column":6},"end":{"line":99,"column":7}},{"start":{},"end":{}}],"line":97},"13":{"loc":{"start":{"line":127,"column":4},"end":{"line":130,"column":5}},"type":"if","locations":[{"start":{"line":127,"column":4},"end":{"line":130,"column":5}},{"start":{},"end":{}}],"line":127},"14":{"loc":{"start":{"line":127,"column":8},"end":{"line":127,"column":65}},"type":"binary-expr","locations":[{"start":{"line":127,"column":8},"end":{"line":127,"column":23}},{"start":{"line":127,"column":27},"end":{"line":127,"column":65}}],"line":127},"15":{"loc":{"start":{"line":134,"column":4},"end":{"line":138,"column":5}},"type":"if","locations":[{"start":{"line":134,"column":4},"end":{"line":138,"column":5}},{"start":{},"end":{}}],"line":134}},"s":{"0":2,"1":2,"2":2,"3":18,"4":18,"5":21,"6":21,"7":5,"8":5,"9":1,"10":4,"11":3,"12":3,"13":3,"14":3,"15":3,"16":1,"17":4,"18":4,"19":4,"20":4,"21":4,"22":12,"23":0,"24":12,"25":12,"26":2,"27":10,"28":10,"29":1,"30":4,"31":0,"32":0,"33":3,"34":3,"35":9,"36":2,"37":2,"38":7,"39":7,"40":7,"41":2,"42":2,"43":2,"44":7,"45":10,"46":2,"47":2,"48":2,"49":2},"f":{"0":18,"1":3,"2":4,"3":4,"4":0,"5":0,"6":3,"7":3,"8":9,"9":7,"10":2,"11":10},"b":{"0":[15],"1":[15],"2":[15],"3":[18],"4":[1,4],"5":[5,1,1],"6":[3,1],"7":[2],"8":[3],"9":[0,12],"10":[2,10],"11":[12,3],"12":[1,9],"13":[2,7],"14":[9,4],"15":[2,5]},"_coverageSchema":"1a1c01bbd47fc00a2c39e90264f33305004495a9","hash":"eebbab86a861f7c9f426b2abeefb93b97463d0b5"}
,"/Users/harshithvenkatesh/Documents/Projects/whatfix-discussion/src/services/MessageService.js": {"path":"/Users/harshithvenkatesh/Documents/Projects/whatfix-discussion/src/services/MessageService.js","statementMap":{"0":{"start":{"line":1,"column":20},"end":{"line":1,"column":42}},"1":{"start":{"line":2,"column":16},"end":{"line":2,"column":44}},"2":{"start":{"line":6,"column":14},"end":{"line":6,"column":23}},"3":{"start":{"line":10,"column":26},"end":{"line":10,"column":35}},"4":{"start":{"line":13,"column":20},"end":{"line":13,"column":29}},"5":{"start":{"line":16,"column":2},"end":{"line":16,"column":33}},"6":{"start":{"line":20,"column":14},"end":{"line":20,"column":53}},"7":{"start":{"line":21,"column":2},"end":{"line":23,"column":3}},"8":{"start":{"line":22,"column":4},"end":{"line":22,"column":42}},"9":{"start":{"line":24,"column":2},"end":{"line":24,"column":41}},"10":{"start":{"line":28,"column":2},"end":{"line":33,"column":3}},"11":{"start":{"line":29,"column":4},"end":{"line":31,"column":5}},"12":{"start":{"line":30,"column":6},"end":{"line":30,"column":49}},"13":{"start":{"line":32,"column":4},"end":{"line":32,"column":48}},"14":{"start":{"line":37,"column":14},"end":{"line":37,"column":45}},"15":{"start":{"line":38,"column":2},"end":{"line":40,"column":3}},"16":{"start":{"line":39,"column":4},"end":{"line":39,"column":23}},"17":{"start":{"line":45,"column":16},"end":{"line":45,"column":62}},"18":{"start":{"line":46,"column":4},"end":{"line":46,"column":27}},"19":{"start":{"line":47,"column":4},"end":{"line":47,"column":33}},"20":{"start":{"line":48,"column":4},"end":{"line":48,"column":27}},"21":{"start":{"line":49,"column":4},"end":{"line":49,"column":24}},"22":{"start":{"line":53,"column":16},"end":{"line":53,"column":29}},"23":{"start":{"line":54,"column":4},"end":{"line":56,"column":5}},"24":{"start":{"line":55,"column":6},"end":{"line":55,"column":58}},"25":{"start":{"line":57,"column":4},"end":{"line":57,"column":24}},"26":{"start":{"line":65,"column":16},"end":{"line":65,"column":39}},"27":{"start":{"line":66,"column":16},"end":{"line":66,"column":55}},"28":{"start":{"line":68,"column":19},"end":{"line":71,"column":65}},"29":{"start":{"line":69,"column":19},"end":{"line":69,"column":32}},"30":{"start":{"line":71,"column":22},"end":{"line":71,"column":64}},"31":{"start":{"line":73,"column":4},"end":{"line":76,"column":5}},"32":{"start":{"line":74,"column":20},"end":{"line":74,"column":36}},"33":{"start":{"line":75,"column":6},"end":{"line":75,"column":61}},"34":{"start":{"line":75,"column":40},"end":{"line":75,"column":59}},"35":{"start":{"line":78,"column":4},"end":{"line":78,"column":59}},"36":{"start":{"line":78,"column":47},"end":{"line":78,"column":57}},"37":{"start":{"line":86,"column":4},"end":{"line":86,"column":59}},"38":{"start":{"line":93,"column":16},"end":{"line":93,"column":29}},"39":{"start":{"line":94,"column":4},"end":{"line":96,"column":5}},"40":{"start":{"line":95,"column":6},"end":{"line":95,"column":58}},"41":{"start":{"line":98,"column":22},"end":{"line":98,"column":56}},"42":{"start":{"line":99,"column":4},"end":{"line":99,"column":32}},"43":{"start":{"line":102,"column":4},"end":{"line":104,"column":5}},"44":{"start":{"line":103,"column":6},"end":{"line":103,"column":34}},"45":{"start":{"line":106,"column":4},"end":{"line":106,"column":24}},"46":{"start":{"line":111,"column":4},"end":{"line":111,"column":18}},"47":{"start":{"line":112,"column":4},"end":{"line":112,"column":30}},"48":{"start":{"line":113,"column":4},"end":{"line":113,"column":24}},"49":{"start":{"line":117,"column":0},"end":{"line":117,"column":38}}},"fnMap":{"0":{"name":"_indexKey","decl":{"start":{"line":15,"column":9},"end":{"line":15,"column":18}},"loc":{"start":{"line":15,"column":25},"end":{"line":17,"column":1}},"line":15},"1":{"name":"_addToConversationIndex","decl":{"start":{"line":19,"column":9},"end":{"line":19,"column":32}},"loc":{"start":{"line":19,"column":38},"end":{"line":25,"column":1}},"line":19},"2":{"name":"_addToUnreadIndex","decl":{"start":{"line":27,"column":9},"end":{"line":27,"column":26}},"loc":{"start":{"line":27,"column":32},"end":{"line":34,"column":1}},"line":27},"3":{"name":"_removeFromUnreadIndex","decl":{"start":{"line":36,"column":9},"end":{"line":36,"column":31}},"loc":{"start":{"line":36,"column":37},"end":{"line":41,"column":1}},"line":36},"4":{"name":"(anonymous_4)","decl":{"start":{"line":44,"column":2},"end":{"line":44,"column":3}},"loc":{"start":{"line":44,"column":48},"end":{"line":50,"column":3}},"line":44},"5":{"name":"(anonymous_5)","decl":{"start":{"line":52,"column":2},"end":{"line":52,"column":3}},"loc":{"start":{"line":52,"column":21},"end":{"line":58,"column":3}},"line":52},"6":{"name":"(anonymous_6)","decl":{"start":{"line":64,"column":2},"end":{"line":64,"column":3}},"loc":{"start":{"line":64,"column":67},"end":{"line":79,"column":3}},"line":64},"7":{"name":"(anonymous_7)","decl":{"start":{"line":69,"column":11},"end":{"line":69,"column":12}},"loc":{"start":{"line":69,"column":19},"end":{"line":69,"column":32}},"line":69},"8":{"name":"(anonymous_8)","decl":{"start":{"line":71,"column":12},"end":{"line":71,"column":13}},"loc":{"start":{"line":71,"column":22},"end":{"line":71,"column":64}},"line":71},"9":{"name":"(anonymous_9)","decl":{"start":{"line":75,"column":33},"end":{"line":75,"column":34}},"loc":{"start":{"line":75,"column":40},"end":{"line":75,"column":59}},"line":75},"10":{"name":"(anonymous_10)","decl":{"start":{"line":78,"column":40},"end":{"line":78,"column":41}},"loc":{"start":{"line":78,"column":47},"end":{"line":78,"column":57}},"line":78},"11":{"name":"(anonymous_11)","decl":{"start":{"line":85,"column":2},"end":{"line":85,"column":3}},"loc":{"start":{"line":85,"column":32},"end":{"line":87,"column":3}},"line":85},"12":{"name":"(anonymous_12)","decl":{"start":{"line":92,"column":2},"end":{"line":92,"column":3}},"loc":{"start":{"line":92,"column":36},"end":{"line":107,"column":3}},"line":92},"13":{"name":"(anonymous_13)","decl":{"start":{"line":110,"column":2},"end":{"line":110,"column":3}},"loc":{"start":{"line":110,"column":11},"end":{"line":114,"column":3}},"line":110}},"branchMap":{"0":{"loc":{"start":{"line":21,"column":2},"end":{"line":23,"column":3}},"type":"if","locations":[{"start":{"line":21,"column":2},"end":{"line":23,"column":3}},{"start":{},"end":{}}],"line":21},"1":{"loc":{"start":{"line":28,"column":2},"end":{"line":33,"column":3}},"type":"if","locations":[{"start":{"line":28,"column":2},"end":{"line":33,"column":3}},{"start":{},"end":{}}],"line":28},"2":{"loc":{"start":{"line":29,"column":4},"end":{"line":31,"column":5}},"type":"if","locations":[{"start":{"line":29,"column":4},"end":{"line":31,"column":5}},{"start":{},"end":{}}],"line":29},"3":{"loc":{"start":{"line":38,"column":2},"end":{"line":40,"column":3}},"type":"if","locations":[{"start":{"line":38,"column":2},"end":{"line":40,"column":3}},{"start":{},"end":{}}],"line":38},"4":{"loc":{"start":{"line":54,"column":4},"end":{"line":56,"column":5}},"type":"if","locations":[{"start":{"line":54,"column":4},"end":{"line":56,"column":5}},{"start":{},"end":{}}],"line":54},"5":{"loc":{"start":{"line":64,"column":38},"end":{"line":64,"column":65}},"type":"default-arg","locations":[{"start":{"line":64,"column":63},"end":{"line":64,"column":65}}],"line":64},"6":{"loc":{"start":{"line":64,"column":40},"end":{"line":64,"column":50}},"type":"default-arg","locations":[{"start":{"line":64,"column":48},"end":{"line":64,"column":50}}],"line":64},"7":{"loc":{"start":{"line":66,"column":16},"end":{"line":66,"column":55}},"type":"binary-expr","locations":[{"start":{"line":66,"column":16},"end":{"line":66,"column":42}},{"start":{"line":66,"column":46},"end":{"line":66,"column":55}}],"line":66},"8":{"loc":{"start":{"line":71,"column":22},"end":{"line":71,"column":64}},"type":"binary-expr","locations":[{"start":{"line":71,"column":22},"end":{"line":71,"column":47}},{"start":{"line":71,"column":51},"end":{"line":71,"column":64}}],"line":71},"9":{"loc":{"start":{"line":73,"column":4},"end":{"line":76,"column":5}},"type":"if","locations":[{"start":{"line":73,"column":4},"end":{"line":76,"column":5}},{"start":{},"end":{}}],"line":73},"10":{"loc":{"start":{"line":86,"column":12},"end":{"line":86,"column":52}},"type":"binary-expr","locations":[{"start":{"line":86,"column":12},"end":{"line":86,"column":39}},{"start":{"line":86,"column":43},"end":{"line":86,"column":52}}],"line":86},"11":{"loc":{"start":{"line":94,"column":4},"end":{"line":96,"column":5}},"type":"if","locations":[{"start":{"line":94,"column":4},"end":{"line":96,"column":5}},{"start":{},"end":{}}],"line":94},"12":{"loc":{"start":{"line":102,"column":4},"end":{"line":104,"column":5}},"type":"if","locations":[{"start":{"line":102,"column":4},"end":{"line":104,"column":5}},{"start":{},"end":{}}],"line":102},"13":{"loc":{"start":{"line":102,"column":8},"end":{"line":102,"column":54}},"type":"binary-expr","locations":[{"start":{"line":102,"column":8},"end":{"line":102,"column":41}},{"start":{"line":102,"column":45},"end":{"line":102,"column":54}}],"line":102}},"s":{"0":5,"1":5,"2":5,"3":5,"4":5,"5":58,"6":49,"7":49,"8":24,"9":49,"10":49,"11":49,"12":27,"13":49,"14":3,"15":3,"16":3,"17":49,"18":49,"19":49,"20":49,"21":49,"22":2,"23":2,"24":1,"25":1,"26":9,"27":9,"28":9,"29":31,"30":23,"31":9,"32":0,"33":0,"34":0,"35":9,"36":25,"37":3,"38":11,"39":11,"40":1,"41":10,"42":10,"43":9,"44":3,"45":9,"46":35,"47":35,"48":35,"49":5},"f":{"0":58,"1":49,"2":49,"3":3,"4":49,"5":2,"6":9,"7":31,"8":23,"9":0,"10":25,"11":3,"12":11,"13":35},"b":{"0":[24,25],"1":[49,0],"2":[27,22],"3":[3,0],"4":[1,1],"5":[2],"6":[3],"7":[9,1],"8":[23,19],"9":[0,9],"10":[3,0],"11":[1,10],"12":[3,6],"13":[9,3]},"_coverageSchema":"1a1c01bbd47fc00a2c39e90264f33305004495a9","hash":"941889809bfce54293ee986683a4ff0d5323a52d"}
,"/Users/harshithvenkatesh/Documents/Projects/whatfix-discussion/src/services/PresenceService.js": {"path":"/Users/harshithvenkatesh/Documents/Projects/whatfix-discussion/src/services/PresenceService.js","statementMap":{"0":{"start":{"line":14,"column":4},"end":{"line":14,"column":34}},"1":{"start":{"line":17,"column":4},"end":{"line":17,"column":29}},"2":{"start":{"line":23,"column":4},"end":{"line":25,"column":5}},"3":{"start":{"line":24,"column":6},"end":{"line":24,"column":47}},"4":{"start":{"line":26,"column":4},"end":{"line":26,"column":48}},"5":{"start":{"line":34,"column":20},"end":{"line":34,"column":49}},"6":{"start":{"line":35,"column":4},"end":{"line":37,"column":5}},"7":{"start":{"line":36,"column":6},"end":{"line":36,"column":19}},"8":{"start":{"line":38,"column":4},"end":{"line":38,"column":29}},"9":{"start":{"line":39,"column":4},"end":{"line":49,"column":5}},"10":{"start":{"line":40,"column":6},"end":{"line":40,"column":39}},"11":{"start":{"line":42,"column":6},"end":{"line":47,"column":7}},"12":{"start":{"line":43,"column":8},"end":{"line":43,"column":33}},"13":{"start":{"line":44,"column":8},"end":{"line":46,"column":9}},"14":{"start":{"line":45,"column":10},"end":{"line":45,"column":35}},"15":{"start":{"line":48,"column":6},"end":{"line":48,"column":18}},"16":{"start":{"line":50,"column":4},"end":{"line":50,"column":17}},"17":{"start":{"line":54,"column":4},"end":{"line":54,"column":83}},"18":{"start":{"line":58,"column":4},"end":{"line":58,"column":41}},"19":{"start":{"line":64,"column":4},"end":{"line":64,"column":43}},"20":{"start":{"line":68,"column":16},"end":{"line":68,"column":48}},"21":{"start":{"line":69,"column":4},"end":{"line":71,"column":5}},"22":{"start":{"line":70,"column":6},"end":{"line":70,"column":39}},"23":{"start":{"line":72,"column":4},"end":{"line":72,"column":38}},"24":{"start":{"line":76,"column":16},"end":{"line":76,"column":48}},"25":{"start":{"line":77,"column":16},"end":{"line":77,"column":37}},"26":{"start":{"line":78,"column":4},"end":{"line":83,"column":5}},"27":{"start":{"line":79,"column":6},"end":{"line":79,"column":25}},"28":{"start":{"line":80,"column":6},"end":{"line":82,"column":7}},"29":{"start":{"line":81,"column":8},"end":{"line":81,"column":33}},"30":{"start":{"line":91,"column":16},"end":{"line":91,"column":48}},"31":{"start":{"line":92,"column":16},"end":{"line":92,"column":50}},"32":{"start":{"line":93,"column":4},"end":{"line":93,"column":50}},"33":{"start":{"line":93,"column":35},"end":{"line":93,"column":48}},"34":{"start":{"line":99,"column":4},"end":{"line":99,"column":30}},"35":{"start":{"line":100,"column":4},"end":{"line":100,"column":25}},"36":{"start":{"line":104,"column":0},"end":{"line":104,"column":39}}},"fnMap":{"0":{"name":"(anonymous_0)","decl":{"start":{"line":12,"column":2},"end":{"line":12,"column":3}},"loc":{"start":{"line":12,"column":16},"end":{"line":18,"column":3}},"line":12},"1":{"name":"(anonymous_1)","decl":{"start":{"line":22,"column":2},"end":{"line":22,"column":3}},"loc":{"start":{"line":22,"column":28},"end":{"line":27,"column":3}},"line":22},"2":{"name":"(anonymous_2)","decl":{"start":{"line":33,"column":2},"end":{"line":33,"column":3}},"loc":{"start":{"line":33,"column":31},"end":{"line":51,"column":3}},"line":33},"3":{"name":"(anonymous_3)","decl":{"start":{"line":53,"column":2},"end":{"line":53,"column":3}},"loc":{"start":{"line":53,"column":19},"end":{"line":55,"column":3}},"line":53},"4":{"name":"(anonymous_4)","decl":{"start":{"line":57,"column":2},"end":{"line":57,"column":3}},"loc":{"start":{"line":57,"column":18},"end":{"line":59,"column":3}},"line":57},"5":{"name":"(anonymous_5)","decl":{"start":{"line":63,"column":2},"end":{"line":63,"column":3}},"loc":{"start":{"line":63,"column":25},"end":{"line":65,"column":3}},"line":63},"6":{"name":"(anonymous_6)","decl":{"start":{"line":67,"column":2},"end":{"line":67,"column":3}},"loc":{"start":{"line":67,"column":33},"end":{"line":73,"column":3}},"line":67},"7":{"name":"(anonymous_7)","decl":{"start":{"line":75,"column":2},"end":{"line":75,"column":3}},"loc":{"start":{"line":75,"column":32},"end":{"line":84,"column":3}},"line":75},"8":{"name":"(anonymous_8)","decl":{"start":{"line":90,"column":2},"end":{"line":90,"column":3}},"loc":{"start":{"line":90,"column":33},"end":{"line":94,"column":3}},"line":90},"9":{"name":"(anonymous_9)","decl":{"start":{"line":93,"column":27},"end":{"line":93,"column":28}},"loc":{"start":{"line":93,"column":35},"end":{"line":93,"column":48}},"line":93},"10":{"name":"(anonymous_10)","decl":{"start":{"line":98,"column":2},"end":{"line":98,"column":3}},"loc":{"start":{"line":98,"column":11},"end":{"line":101,"column":3}},"line":98}},"branchMap":{"0":{"loc":{"start":{"line":23,"column":4},"end":{"line":25,"column":5}},"type":"if","locations":[{"start":{"line":23,"column":4},"end":{"line":25,"column":5}},{"start":{},"end":{}}],"line":23},"1":{"loc":{"start":{"line":35,"column":4},"end":{"line":37,"column":5}},"type":"if","locations":[{"start":{"line":35,"column":4},"end":{"line":37,"column":5}},{"start":{},"end":{}}],"line":35},"2":{"loc":{"start":{"line":39,"column":4},"end":{"line":49,"column":5}},"type":"if","locations":[{"start":{"line":39,"column":4},"end":{"line":49,"column":5}},{"start":{},"end":{}}],"line":39},"3":{"loc":{"start":{"line":44,"column":8},"end":{"line":46,"column":9}},"type":"if","locations":[{"start":{"line":44,"column":8},"end":{"line":46,"column":9}},{"start":{},"end":{}}],"line":44},"4":{"loc":{"start":{"line":54,"column":11},"end":{"line":54,"column":82}},"type":"binary-expr","locations":[{"start":{"line":54,"column":11},"end":{"line":54,"column":40}},{"start":{"line":54,"column":44},"end":{"line":54,"column":82}}],"line":54},"5":{"loc":{"start":{"line":69,"column":4},"end":{"line":71,"column":5}},"type":"if","locations":[{"start":{"line":69,"column":4},"end":{"line":71,"column":5}},{"start":{},"end":{}}],"line":69},"6":{"loc":{"start":{"line":78,"column":4},"end":{"line":83,"column":5}},"type":"if","locations":[{"start":{"line":78,"column":4},"end":{"line":83,"column":5}},{"start":{},"end":{}}],"line":78},"7":{"loc":{"start":{"line":80,"column":6},"end":{"line":82,"column":7}},"type":"if","locations":[{"start":{"line":80,"column":6},"end":{"line":82,"column":7}},{"start":{},"end":{}}],"line":80},"8":{"loc":{"start":{"line":92,"column":16},"end":{"line":92,"column":50}},"type":"binary-expr","locations":[{"start":{"line":92,"column":16},"end":{"line":92,"column":37}},{"start":{"line":92,"column":41},"end":{"line":92,"column":50}}],"line":92}},"s":{"0":2,"1":2,"2":19,"3":17,"4":19,"5":19,"6":19,"7":0,"8":19,"9":19,"10":17,"11":17,"12":1,"13":1,"14":1,"15":17,"16":2,"17":19,"18":19,"19":3,"20":2,"21":2,"22":2,"23":2,"24":1,"25":1,"26":1,"27":1,"28":1,"29":1,"30":0,"31":0,"32":0,"33":0,"34":14,"35":14,"36":2},"f":{"0":2,"1":19,"2":19,"3":19,"4":19,"5":3,"6":2,"7":1,"8":0,"9":0,"10":14},"b":{"0":[17,2],"1":[0,19],"2":[17,2],"3":[1,0],"4":[19,2],"5":[2,0],"6":[1,0],"7":[1,0],"8":[0,0]},"_coverageSchema":"1a1c01bbd47fc00a2c39e90264f33305004495a9","hash":"ce1c5a6d38d683debca9f2a516e1b73ffcb687bd"}
,"/Users/harshithvenkatesh/Documents/Projects/whatfix-discussion/src/services/UserService.js": {"path":"/Users/harshithvenkatesh/Documents/Projects/whatfix-discussion/src/services/UserService.js","statementMap":{"0":{"start":{"line":1,"column":20},"end":{"line":1,"column":42}},"1":{"start":{"line":2,"column":13},"end":{"line":2,"column":38}},"2":{"start":{"line":5,"column":14},"end":{"line":5,"column":23}},"3":{"start":{"line":9,"column":21},"end":{"line":9,"column":85}},"4":{"start":{"line":9,"column":53},"end":{"line":9,"column":84}},"5":{"start":{"line":10,"column":4},"end":{"line":12,"column":5}},"6":{"start":{"line":11,"column":6},"end":{"line":11,"column":74}},"7":{"start":{"line":14,"column":17},"end":{"line":14,"column":42}},"8":{"start":{"line":15,"column":4},"end":{"line":15,"column":29}},"9":{"start":{"line":16,"column":4},"end":{"line":16,"column":25}},"10":{"start":{"line":20,"column":17},"end":{"line":20,"column":30}},"11":{"start":{"line":21,"column":4},"end":{"line":23,"column":5}},"12":{"start":{"line":22,"column":6},"end":{"line":22,"column":55}},"13":{"start":{"line":24,"column":4},"end":{"line":24,"column":25}},"14":{"start":{"line":28,"column":4},"end":{"line":28,"column":54}},"15":{"start":{"line":28,"column":42},"end":{"line":28,"column":52}},"16":{"start":{"line":32,"column":17},"end":{"line":32,"column":30}},"17":{"start":{"line":33,"column":4},"end":{"line":35,"column":5}},"18":{"start":{"line":34,"column":6},"end":{"line":34,"column":55}},"19":{"start":{"line":37,"column":4},"end":{"line":39,"column":5}},"20":{"start":{"line":38,"column":6},"end":{"line":38,"column":31}},"21":{"start":{"line":40,"column":4},"end":{"line":48,"column":5}},"22":{"start":{"line":41,"column":23},"end":{"line":43,"column":7}},"23":{"start":{"line":42,"column":15},"end":{"line":42,"column":69}},"24":{"start":{"line":44,"column":6},"end":{"line":46,"column":7}},"25":{"start":{"line":45,"column":8},"end":{"line":45,"column":76}},"26":{"start":{"line":47,"column":6},"end":{"line":47,"column":47}},"27":{"start":{"line":50,"column":4},"end":{"line":50,"column":32}},"28":{"start":{"line":51,"column":4},"end":{"line":51,"column":25}},"29":{"start":{"line":55,"column":4},"end":{"line":57,"column":5}},"30":{"start":{"line":56,"column":6},"end":{"line":56,"column":55}},"31":{"start":{"line":58,"column":4},"end":{"line":58,"column":21}},"32":{"start":{"line":63,"column":4},"end":{"line":63,"column":18}},"33":{"start":{"line":67,"column":0},"end":{"line":67,"column":35}}},"fnMap":{"0":{"name":"(anonymous_0)","decl":{"start":{"line":8,"column":2},"end":{"line":8,"column":3}},"loc":{"start":{"line":8,"column":32},"end":{"line":17,"column":3}},"line":8},"1":{"name":"(anonymous_1)","decl":{"start":{"line":9,"column":46},"end":{"line":9,"column":47}},"loc":{"start":{"line":9,"column":53},"end":{"line":9,"column":84}},"line":9},"2":{"name":"(anonymous_2)","decl":{"start":{"line":19,"column":2},"end":{"line":19,"column":3}},"loc":{"start":{"line":19,"column":21},"end":{"line":25,"column":3}},"line":19},"3":{"name":"(anonymous_3)","decl":{"start":{"line":27,"column":2},"end":{"line":27,"column":3}},"loc":{"start":{"line":27,"column":18},"end":{"line":29,"column":3}},"line":27},"4":{"name":"(anonymous_4)","decl":{"start":{"line":28,"column":35},"end":{"line":28,"column":36}},"loc":{"start":{"line":28,"column":42},"end":{"line":28,"column":52}},"line":28},"5":{"name":"(anonymous_5)","decl":{"start":{"line":31,"column":2},"end":{"line":31,"column":3}},"loc":{"start":{"line":31,"column":28},"end":{"line":52,"column":3}},"line":31},"6":{"name":"(anonymous_6)","decl":{"start":{"line":42,"column":8},"end":{"line":42,"column":9}},"loc":{"start":{"line":42,"column":15},"end":{"line":42,"column":69}},"line":42},"7":{"name":"(anonymous_7)","decl":{"start":{"line":54,"column":2},"end":{"line":54,"column":3}},"loc":{"start":{"line":54,"column":19},"end":{"line":59,"column":3}},"line":54},"8":{"name":"(anonymous_8)","decl":{"start":{"line":62,"column":2},"end":{"line":62,"column":3}},"loc":{"start":{"line":62,"column":11},"end":{"line":64,"column":3}},"line":62}},"branchMap":{"0":{"loc":{"start":{"line":10,"column":4},"end":{"line":12,"column":5}},"type":"if","locations":[{"start":{"line":10,"column":4},"end":{"line":12,"column":5}},{"start":{},"end":{}}],"line":10},"1":{"loc":{"start":{"line":21,"column":4},"end":{"line":23,"column":5}},"type":"if","locations":[{"start":{"line":21,"column":4},"end":{"line":23,"column":5}},{"start":{},"end":{}}],"line":21},"2":{"loc":{"start":{"line":33,"column":4},"end":{"line":35,"column":5}},"type":"if","locations":[{"start":{"line":33,"column":4},"end":{"line":35,"column":5}},{"start":{},"end":{}}],"line":33},"3":{"loc":{"start":{"line":37,"column":4},"end":{"line":39,"column":5}},"type":"if","locations":[{"start":{"line":37,"column":4},"end":{"line":39,"column":5}},{"start":{},"end":{}}],"line":37},"4":{"loc":{"start":{"line":40,"column":4},"end":{"line":48,"column":5}},"type":"if","locations":[{"start":{"line":40,"column":4},"end":{"line":48,"column":5}},{"start":{},"end":{}}],"line":40},"5":{"loc":{"start":{"line":42,"column":15},"end":{"line":42,"column":69}},"type":"binary-expr","locations":[{"start":{"line":42,"column":15},"end":{"line":42,"column":54}},{"start":{"line":42,"column":58},"end":{"line":42,"column":69}}],"line":42},"6":{"loc":{"start":{"line":44,"column":6},"end":{"line":46,"column":7}},"type":"if","locations":[{"start":{"line":44,"column":6},"end":{"line":46,"column":7}},{"start":{},"end":{}}],"line":44},"7":{"loc":{"start":{"line":55,"column":4},"end":{"line":57,"column":5}},"type":"if","locations":[{"start":{"line":55,"column":4},"end":{"line":57,"column":5}},{"start":{},"end":{}}],"line":55}},"s":{"0":3,"1":3,"2":3,"3":17,"4":4,"5":17,"6":2,"7":15,"8":15,"9":15,"10":4,"11":4,"12":2,"13":2,"14":4,"15":2,"16":4,"17":4,"18":1,"19":3,"20":2,"21":3,"22":1,"23":2,"24":1,"25":1,"26":0,"27":2,"28":2,"29":3,"30":1,"31":2,"32":21,"33":3},"f":{"0":17,"1":4,"2":4,"3":4,"4":2,"5":4,"6":2,"7":3,"8":21},"b":{"0":[2,15],"1":[2,2],"2":[1,3],"3":[2,1],"4":[1,2],"5":[2,1],"6":[1,0],"7":[1,2]},"_coverageSchema":"1a1c01bbd47fc00a2c39e90264f33305004495a9","hash":"cc1b7618662dd0bea42b470aff5bfd12ceb32339"}
,"/Users/harshithvenkatesh/Documents/Projects/whatfix-discussion/src/socket/index.js": {"path":"/Users/harshithvenkatesh/Documents/Projects/whatfix-discussion/src/socket/index.js","statementMap":{"0":{"start":{"line":14,"column":19},"end":{"line":14,"column":39}},"1":{"start":{"line":15,"column":24},"end":{"line":15,"column":61}},"2":{"start":{"line":16,"column":23},"end":{"line":16,"column":59}},"3":{"start":{"line":17,"column":15},"end":{"line":17,"column":42}},"4":{"start":{"line":20,"column":13},"end":{"line":29,"column":4}},"5":{"start":{"line":31,"column":2},"end":{"line":36,"column":5}},"6":{"start":{"line":32,"column":4},"end":{"line":32,"column":50}},"7":{"start":{"line":34,"column":4},"end":{"line":34,"column":32}},"8":{"start":{"line":35,"column":4},"end":{"line":35,"column":31}},"9":{"start":{"line":38,"column":2},"end":{"line":38,"column":12}},"10":{"start":{"line":41,"column":0},"end":{"line":41,"column":30}}},"fnMap":{"0":{"name":"attachSocket","decl":{"start":{"line":19,"column":9},"end":{"line":19,"column":21}},"loc":{"start":{"line":19,"column":34},"end":{"line":39,"column":1}},"line":19},"1":{"name":"(anonymous_1)","decl":{"start":{"line":31,"column":22},"end":{"line":31,"column":23}},"loc":{"start":{"line":31,"column":34},"end":{"line":36,"column":3}},"line":31}},"branchMap":{},"s":{"0":0,"1":0,"2":0,"3":0,"4":0,"5":0,"6":0,"7":0,"8":0,"9":0,"10":0},"f":{"0":0,"1":0},"b":{}}
,"/Users/harshithvenkatesh/Documents/Projects/whatfix-discussion/src/socket/handlers/messageHandler.js": {"path":"/Users/harshithvenkatesh/Documents/Projects/whatfix-discussion/src/socket/handlers/messageHandler.js","statementMap":{"0":{"start":{"line":18,"column":27},"end":{"line":18,"column":71}},"1":{"start":{"line":19,"column":16},"end":{"line":19,"column":47}},"2":{"start":{"line":20,"column":15},"end":{"line":20,"column":45}},"3":{"start":{"line":24,"column":2},"end":{"line":48,"column":5}},"4":{"start":{"line":25,"column":4},"end":{"line":27,"column":5}},"5":{"start":{"line":26,"column":6},"end":{"line":26,"column":102}},"6":{"start":{"line":29,"column":4},"end":{"line":47,"column":5}},"7":{"start":{"line":30,"column":22},"end":{"line":35,"column":8}},"8":{"start":{"line":38,"column":6},"end":{"line":38,"column":47}},"9":{"start":{"line":41,"column":6},"end":{"line":41,"column":67}},"10":{"start":{"line":43,"column":6},"end":{"line":43,"column":82}},"11":{"start":{"line":45,"column":6},"end":{"line":45,"column":58}},"12":{"start":{"line":46,"column":6},"end":{"line":46,"column":53}},"13":{"start":{"line":51,"column":2},"end":{"line":68,"column":5}},"14":{"start":{"line":52,"column":4},"end":{"line":54,"column":5}},"15":{"start":{"line":53,"column":6},"end":{"line":53,"column":102}},"16":{"start":{"line":56,"column":4},"end":{"line":67,"column":5}},"17":{"start":{"line":57,"column":22},"end":{"line":57,"column":96}},"18":{"start":{"line":60,"column":6},"end":{"line":63,"column":9}},"19":{"start":{"line":65,"column":6},"end":{"line":65,"column":63}},"20":{"start":{"line":66,"column":6},"end":{"line":66,"column":53}},"21":{"start":{"line":71,"column":2},"end":{"line":88,"column":5}},"22":{"start":{"line":72,"column":4},"end":{"line":74,"column":5}},"23":{"start":{"line":73,"column":6},"end":{"line":73,"column":82}},"24":{"start":{"line":76,"column":4},"end":{"line":87,"column":5}},"25":{"start":{"line":77,"column":22},"end":{"line":77,"column":91}},"26":{"start":{"line":80,"column":6},"end":{"line":83,"column":9}},"27":{"start":{"line":85,"column":6},"end":{"line":85,"column":58}},"28":{"start":{"line":86,"column":6},"end":{"line":86,"column":53}},"29":{"start":{"line":91,"column":0},"end":{"line":91,"column":32}}},"fnMap":{"0":{"name":"messageHandler","decl":{"start":{"line":22,"column":9},"end":{"line":22,"column":23}},"loc":{"start":{"line":22,"column":36},"end":{"line":89,"column":1}},"line":22},"1":{"name":"(anonymous_1)","decl":{"start":{"line":24,"column":28},"end":{"line":24,"column":29}},"loc":{"start":{"line":24,"column":95},"end":{"line":48,"column":3}},"line":24},"2":{"name":"(anonymous_2)","decl":{"start":{"line":51,"column":33},"end":{"line":51,"column":34}},"loc":{"start":{"line":51,"column":75},"end":{"line":68,"column":3}},"line":51},"3":{"name":"(anonymous_3)","decl":{"start":{"line":71,"column":28},"end":{"line":71,"column":29}},"loc":{"start":{"line":71,"column":58},"end":{"line":88,"column":3}},"line":71}},"branchMap":{"0":{"loc":{"start":{"line":24,"column":35},"end":{"line":24,"column":90}},"type":"default-arg","locations":[{"start":{"line":24,"column":88},"end":{"line":24,"column":90}}],"line":24},"1":{"loc":{"start":{"line":25,"column":4},"end":{"line":27,"column":5}},"type":"if","locations":[{"start":{"line":25,"column":4},"end":{"line":27,"column":5}},{"start":{},"end":{}}],"line":25},"2":{"loc":{"start":{"line":25,"column":8},"end":{"line":25,"column":44}},"type":"binary-expr","locations":[{"start":{"line":25,"column":8},"end":{"line":25,"column":17}},{"start":{"line":25,"column":21},"end":{"line":25,"column":32}},{"start":{"line":25,"column":36},"end":{"line":25,"column":44}}],"line":25},"3":{"loc":{"start":{"line":51,"column":40},"end":{"line":51,"column":70}},"type":"default-arg","locations":[{"start":{"line":51,"column":68},"end":{"line":51,"column":70}}],"line":51},"4":{"loc":{"start":{"line":52,"column":4},"end":{"line":54,"column":5}},"type":"if","locations":[{"start":{"line":52,"column":4},"end":{"line":54,"column":5}},{"start":{},"end":{}}],"line":52},"5":{"loc":{"start":{"line":52,"column":8},"end":{"line":52,"column":33}},"type":"binary-expr","locations":[{"start":{"line":52,"column":8},"end":{"line":52,"column":18}},{"start":{"line":52,"column":22},"end":{"line":52,"column":33}}],"line":52},"6":{"loc":{"start":{"line":71,"column":35},"end":{"line":71,"column":53}},"type":"default-arg","locations":[{"start":{"line":71,"column":51},"end":{"line":71,"column":53}}],"line":71},"7":{"loc":{"start":{"line":72,"column":4},"end":{"line":74,"column":5}},"type":"if","locations":[{"start":{"line":72,"column":4},"end":{"line":74,"column":5}},{"start":{},"end":{}}],"line":72}},"s":{"0":1,"1":1,"2":1,"3":10,"4":6,"5":1,"6":5,"7":5,"8":5,"9":5,"10":5,"11":0,"12":0,"13":10,"14":2,"15":0,"16":2,"17":2,"18":2,"19":0,"20":0,"21":10,"22":2,"23":1,"24":1,"25":1,"26":1,"27":0,"28":0,"29":1},"f":{"0":10,"1":6,"2":2,"3":2},"b":{"0":[0],"1":[1,5],"2":[6,6,5],"3":[0],"4":[0,2],"5":[2,2],"6":[0],"7":[1,1]},"_coverageSchema":"1a1c01bbd47fc00a2c39e90264f33305004495a9","hash":"f297fff6e1eabe41a4373d6d3ac13e7da6cf8196"}
,"/Users/harshithvenkatesh/Documents/Projects/whatfix-discussion/src/socket/handlers/presenceHandler.js": {"path":"/Users/harshithvenkatesh/Documents/Projects/whatfix-discussion/src/socket/handlers/presenceHandler.js","statementMap":{"0":{"start":{"line":19,"column":24},"end":{"line":19,"column":65}},"1":{"start":{"line":20,"column":15},"end":{"line":20,"column":45}},"2":{"start":{"line":23,"column":25},"end":{"line":23,"column":29}},"3":{"start":{"line":26,"column":2},"end":{"line":47,"column":5}},"4":{"start":{"line":27,"column":4},"end":{"line":29,"column":5}},"5":{"start":{"line":28,"column":6},"end":{"line":28,"column":80}},"6":{"start":{"line":31,"column":4},"end":{"line":31,"column":30}},"7":{"start":{"line":32,"column":23},"end":{"line":32,"column":56}},"8":{"start":{"line":33,"column":4},"end":{"line":33,"column":47}},"9":{"start":{"line":36,"column":4},"end":{"line":36,"column":34}},"10":{"start":{"line":38,"column":4},"end":{"line":38,"column":64}},"11":{"start":{"line":41,"column":4},"end":{"line":41,"column":92}},"12":{"start":{"line":44,"column":4},"end":{"line":46,"column":5}},"13":{"start":{"line":45,"column":6},"end":{"line":45,"column":59}},"14":{"start":{"line":50,"column":2},"end":{"line":59,"column":5}},"15":{"start":{"line":51,"column":4},"end":{"line":53,"column":5}},"16":{"start":{"line":52,"column":6},"end":{"line":52,"column":96}},"17":{"start":{"line":55,"column":4},"end":{"line":55,"column":51}},"18":{"start":{"line":58,"column":4},"end":{"line":58,"column":78}},"19":{"start":{"line":62,"column":2},"end":{"line":69,"column":5}},"20":{"start":{"line":63,"column":4},"end":{"line":65,"column":5}},"21":{"start":{"line":64,"column":6},"end":{"line":64,"column":101}},"22":{"start":{"line":67,"column":4},"end":{"line":67,"column":50}},"23":{"start":{"line":68,"column":4},"end":{"line":68,"column":83}},"24":{"start":{"line":72,"column":2},"end":{"line":83,"column":5}},"25":{"start":{"line":73,"column":4},"end":{"line":75,"column":5}},"26":{"start":{"line":74,"column":6},"end":{"line":74,"column":13}},"27":{"start":{"line":77,"column":24},"end":{"line":77,"column":79}},"28":{"start":{"line":78,"column":4},"end":{"line":78,"column":113}},"29":{"start":{"line":80,"column":4},"end":{"line":82,"column":5}},"30":{"start":{"line":81,"column":6},"end":{"line":81,"column":78}},"31":{"start":{"line":86,"column":0},"end":{"line":86,"column":33}}},"fnMap":{"0":{"name":"presenceHandler","decl":{"start":{"line":22,"column":9},"end":{"line":22,"column":24}},"loc":{"start":{"line":22,"column":37},"end":{"line":84,"column":1}},"line":22},"1":{"name":"(anonymous_1)","decl":{"start":{"line":26,"column":29},"end":{"line":26,"column":30}},"loc":{"start":{"line":26,"column":50},"end":{"line":47,"column":3}},"line":26},"2":{"name":"(anonymous_2)","decl":{"start":{"line":50,"column":31},"end":{"line":50,"column":32}},"loc":{"start":{"line":50,"column":63},"end":{"line":59,"column":3}},"line":50},"3":{"name":"(anonymous_3)","decl":{"start":{"line":62,"column":36},"end":{"line":62,"column":37}},"loc":{"start":{"line":62,"column":68},"end":{"line":69,"column":3}},"line":62},"4":{"name":"(anonymous_4)","decl":{"start":{"line":72,"column":26},"end":{"line":72,"column":27}},"loc":{"start":{"line":72,"column":38},"end":{"line":83,"column":3}},"line":72}},"branchMap":{"0":{"loc":{"start":{"line":26,"column":30},"end":{"line":26,"column":45}},"type":"default-arg","locations":[{"start":{"line":26,"column":43},"end":{"line":26,"column":45}}],"line":26},"1":{"loc":{"start":{"line":27,"column":4},"end":{"line":29,"column":5}},"type":"if","locations":[{"start":{"line":27,"column":4},"end":{"line":29,"column":5}},{"start":{},"end":{}}],"line":27},"2":{"loc":{"start":{"line":44,"column":4},"end":{"line":46,"column":5}},"type":"if","locations":[{"start":{"line":44,"column":4},"end":{"line":46,"column":5}},{"start":{},"end":{}}],"line":44},"3":{"loc":{"start":{"line":50,"column":32},"end":{"line":50,"column":58}},"type":"default-arg","locations":[{"start":{"line":50,"column":56},"end":{"line":50,"column":58}}],"line":50},"4":{"loc":{"start":{"line":51,"column":4},"end":{"line":53,"column":5}},"type":"if","locations":[{"start":{"line":51,"column":4},"end":{"line":53,"column":5}},{"start":{},"end":{}}],"line":51},"5":{"loc":{"start":{"line":51,"column":8},"end":{"line":51,"column":29}},"type":"binary-expr","locations":[{"start":{"line":51,"column":8},"end":{"line":51,"column":15}},{"start":{"line":51,"column":19},"end":{"line":51,"column":29}}],"line":51},"6":{"loc":{"start":{"line":62,"column":37},"end":{"line":62,"column":63}},"type":"default-arg","locations":[{"start":{"line":62,"column":61},"end":{"line":62,"column":63}}],"line":62},"7":{"loc":{"start":{"line":63,"column":4},"end":{"line":65,"column":5}},"type":"if","locations":[{"start":{"line":63,"column":4},"end":{"line":65,"column":5}},{"start":{},"end":{}}],"line":63},"8":{"loc":{"start":{"line":63,"column":8},"end":{"line":63,"column":29}},"type":"binary-expr","locations":[{"start":{"line":63,"column":8},"end":{"line":63,"column":15}},{"start":{"line":63,"column":19},"end":{"line":63,"column":29}}],"line":63},"9":{"loc":{"start":{"line":73,"column":4},"end":{"line":75,"column":5}},"type":"if","locations":[{"start":{"line":73,"column":4},"end":{"line":75,"column":5}},{"start":{},"end":{}}],"line":73},"10":{"loc":{"start":{"line":80,"column":4},"end":{"line":82,"column":5}},"type":"if","locations":[{"start":{"line":80,"column":4},"end":{"line":82,"column":5}},{"start":{},"end":{}}],"line":80}},"s":{"0":2,"1":2,"2":26,"3":26,"4":20,"5":1,"6":19,"7":19,"8":19,"9":19,"10":19,"11":19,"12":19,"13":17,"14":26,"15":2,"16":0,"17":2,"18":2,"19":26,"20":1,"21":0,"22":1,"23":1,"24":26,"25":26,"26":7,"27":19,"28":19,"29":19,"30":17,"31":2},"f":{"0":26,"1":20,"2":2,"3":1,"4":26},"b":{"0":[0],"1":[1,19],"2":[17,2],"3":[0],"4":[0,2],"5":[2,2],"6":[0],"7":[0,1],"8":[1,1],"9":[7,19],"10":[17,2]},"_coverageSchema":"1a1c01bbd47fc00a2c39e90264f33305004495a9","hash":"301f86deb5de96cdd2551924e2c96a3d84de8874"}
}
