TN:
SF:src/app.js
FN:13,(anonymous_0)
FNF:1
FNH:0
FNDA:0,(anonymous_0)
DA:1,2
DA:2,2
DA:3,2
DA:4,2
DA:5,2
DA:6,2
DA:8,2
DA:10,2
DA:11,2
DA:13,2
DA:15,2
DA:16,2
DA:18,2
DA:19,2
DA:21,2
LF:15
LH:15
BRF:0
BRH:0
end_of_record
TN:
SF:src/config/env.js
FNF:0
FNH:0
DA:1,5
DA:3,5
DA:9,5
LF:3
LH:3
BRDA:4,0,0,5
BRDA:4,0,1,0
BRDA:5,1,0,5
BRDA:5,1,1,5
BRDA:6,2,0,5
BRDA:6,2,1,5
BRF:6
BRH:5
end_of_record
TN:
SF:src/config/logger.js
FN:11,(anonymous_0)
FNF:1
FNH:1
FNDA:36,(anonymous_0)
DA:1,5
DA:2,5
DA:4,5
DA:12,36
DA:20,5
LF:5
LH:5
BRDA:9,0,0,0
BRDA:9,0,1,5
BRDA:12,1,0,1
BRDA:12,1,1,35
BRF:4
BRH:3
end_of_record
TN:
SF:src/controllers/MessageController.js
FN:4,(anonymous_0)
FN:13,(anonymous_1)
FN:22,(anonymous_2)
FN:36,(anonymous_3)
FN:45,(anonymous_4)
FNF:5
FNH:4
FNDA:10,(anonymous_0)
FNDA:0,(anonymous_1)
FNDA:2,(anonymous_2)
FNDA:1,(anonymous_3)
FNDA:1,(anonymous_4)
DA:1,2
DA:5,10
DA:6,10
DA:7,10
DA:9,0
DA:14,0
DA:15,0
DA:16,0
DA:18,0
DA:23,2
DA:24,2
DA:25,2
DA:26,2
DA:30,2
DA:32,0
DA:37,1
DA:38,1
DA:39,1
DA:41,0
DA:46,1
DA:47,1
DA:48,1
DA:50,0
DA:55,2
LF:24
LH:16
BRDA:27,0,0,1
BRDA:27,0,1,1
BRF:2
BRH:2
end_of_record
TN:
SF:src/controllers/UserController.js
FN:4,(anonymous_0)
FN:13,(anonymous_1)
FN:22,(anonymous_2)
FN:31,(anonymous_3)
FN:40,(anonymous_4)
FNF:5
FNH:5
FNDA:6,(anonymous_0)
FNDA:1,(anonymous_1)
FNDA:2,(anonymous_2)
FNDA:1,(anonymous_3)
FNDA:1,(anonymous_4)
DA:1,2
DA:5,6
DA:6,6
DA:7,5
DA:9,1
DA:14,1
DA:15,1
DA:16,1
DA:18,0
DA:23,2
DA:24,2
DA:25,1
DA:27,1
DA:32,1
DA:33,1
DA:34,1
DA:36,0
DA:41,1
DA:42,1
DA:43,1
DA:45,0
DA:50,2
LF:22
LH:19
BRF:0
BRH:0
end_of_record
TN:
SF:src/middlewares/errorHandler.js
FN:9,errorHandler
FNF:1
FNH:1
FNDA:10,errorHandler
DA:1,3
DA:2,3
DA:10,10
DA:11,10
DA:13,10
DA:14,1
DA:17,10
DA:19,10
DA:20,6
DA:23,10
DA:24,1
DA:27,10
DA:30,3
LF:13
LH:13
BRDA:10,0,0,10
BRDA:10,0,1,1
BRDA:10,0,2,1
BRDA:11,1,0,10
BRDA:11,1,1,0
BRDA:13,2,0,1
BRDA:13,2,1,9
BRDA:19,3,0,6
BRDA:19,3,1,4
BRDA:23,4,0,1
BRDA:23,4,1,9
BRDA:23,5,0,10
BRDA:23,5,1,10
BRF:13
BRH:12
end_of_record
TN:
SF:src/middlewares/notFound.js
FN:6,notFound
FNF:1
FNH:0
FNDA:0,notFound
DA:1,2
DA:7,0
DA:10,2
LF:3
LH:2
BRF:0
BRH:0
end_of_record
TN:
SF:src/middlewares/requestLogger.js
FN:7,requestLogger
FN:10,(anonymous_1)
FNF:2
FNH:2
FNDA:33,requestLogger
FNDA:31,(anonymous_1)
DA:1,3
DA:8,33
DA:10,33
DA:11,31
DA:12,31
DA:13,31
DA:16,33
DA:19,3
LF:8
LH:8
BRDA:12,0,0,0
BRDA:12,0,1,31
BRDA:12,1,0,7
BRDA:12,1,1,24
BRF:4
BRH:3
end_of_record
TN:
SF:src/middlewares/validate.js
FN:8,validate
FN:11,(anonymous_1)
FNF:2
FNH:2
FNDA:31,validate
FNDA:6,(anonymous_1)
DA:1,3
DA:2,3
DA:9,31
DA:10,31
DA:11,6
DA:12,6
DA:14,25
DA:17,3
LF:8
LH:8
BRDA:10,0,0,6
BRDA:10,0,1,25
BRF:2
BRH:2
end_of_record
TN:
SF:src/models/Message.js
FN:44,(anonymous_0)
FN:73,(anonymous_1)
FN:90,(anonymous_2)
FN:128,(anonymous_3)
FNF:4
FNH:4
FNDA:45,(anonymous_0)
FNDA:7,(anonymous_1)
FNDA:77,(anonymous_2)
FNDA:10,(anonymous_3)
DA:24,4
DA:28,4
DA:30,4
DA:45,45
DA:46,0
DA:48,45
DA:49,0
DA:51,45
DA:52,0
DA:54,45
DA:55,0
DA:58,45
DA:59,45
DA:60,45
DA:61,45
DA:62,45
DA:63,45
DA:64,45
DA:65,45
DA:66,45
DA:74,7
DA:75,7
DA:76,7
DA:78,7
DA:79,0
DA:81,7
DA:82,1
DA:85,6
DA:86,6
DA:87,6
DA:91,77
DA:114,4
DA:125,4
DA:128,10
DA:130,4
LF:35
LH:30
BRDA:44,0,0,45
BRDA:45,1,0,0
BRDA:45,1,1,45
BRDA:48,2,0,0
BRDA:48,2,1,45
BRDA:51,3,0,0
BRDA:51,3,1,45
BRDA:51,4,0,45
BRDA:51,4,1,45
BRDA:54,5,0,0
BRDA:54,5,1,45
BRDA:78,6,0,0
BRDA:78,6,1,7
BRDA:81,7,0,1
BRDA:81,7,1,6
BRF:15
BRH:10
end_of_record
TN:
SF:src/models/User.js
FN:15,(anonymous_0)
FN:23,(anonymous_1)
FNF:2
FNH:2
FNDA:15,(anonymous_0)
FNDA:21,(anonymous_1)
DA:7,3
DA:16,15
DA:17,15
DA:18,15
DA:19,15
DA:20,15
DA:24,21
DA:41,3
DA:49,3
LF:9
LH:9
BRF:0
BRH:0
end_of_record
TN:
SF:src/routes/messageRoutes.js
FN:9,(anonymous_0)
FNF:1
FNH:1
FNDA:10,(anonymous_0)
DA:1,2
DA:2,2
DA:3,2
DA:4,2
DA:5,2
DA:7,2
DA:9,2
DA:10,10
DA:12,2
DA:24,2
DA:36,2
DA:42,2
DA:48,2
DA:60,2
LF:14
LH:14
BRF:0
BRH:0
end_of_record
TN:
SF:src/routes/userRoutes.js
FN:8,(anonymous_0)
FNF:1
FNH:1
FNDA:6,(anonymous_0)
DA:1,2
DA:2,2
DA:3,2
DA:4,2
DA:6,2
DA:8,2
DA:9,6
DA:11,2
DA:21,2
DA:23,2
DA:29,2
DA:40,2
DA:46,2
LF:13
LH:13
BRF:0
BRH:0
end_of_record
TN:
SF:src/services/MessageFeedService.js
FN:28,withRetry
FN:48,(anonymous_1)
FN:72,(anonymous_2)
FN:73,(anonymous_3)
FN:108,(anonymous_4)
FN:109,(anonymous_5)
FN:115,(anonymous_6)
FN:116,(anonymous_7)
FN:126,(anonymous_8)
FN:132,(anonymous_9)
FN:137,(anonymous_10)
FN:144,(anonymous_11)
FNF:12
FNH:8
FNDA:11,withRetry
FNDA:3,(anonymous_1)
FNDA:4,(anonymous_2)
FNDA:4,(anonymous_3)
FNDA:0,(anonymous_4)
FNDA:0,(anonymous_5)
FNDA:0,(anonymous_6)
FNDA:0,(anonymous_7)
FNDA:4,(anonymous_8)
FNDA:3,(anonymous_9)
FNDA:1,(anonymous_10)
FNDA:10,(anonymous_11)
DA:14,1
DA:15,1
DA:16,1
DA:31,11
DA:32,14
DA:33,14
DA:35,5
DA:38,5
DA:39,1
DA:42,4
DA:43,3
DA:44,3
DA:45,3
DA:48,3
DA:53,1
DA:73,4
DA:74,4
DA:80,4
DA:81,4
DA:84,4
DA:85,12
DA:86,0
DA:88,12
DA:91,12
DA:92,2
DA:95,10
DA:97,10
DA:98,1
DA:102,4
DA:109,0
DA:116,0
DA:127,4
DA:128,1
DA:129,1
DA:132,3
DA:134,3
DA:135,1
DA:137,1
DA:140,3
DA:145,10
DA:150,1
DA:151,1
DA:153,1
DA:154,1
LF:44
LH:41
BRDA:28,0,0,8
BRDA:28,1,0,8
BRDA:28,2,0,8
BRDA:28,3,0,11
BRDA:38,4,0,1
BRDA:38,4,1,4
BRDA:38,5,0,5
BRDA:38,5,1,1
BRDA:38,5,2,1
BRDA:42,6,0,3
BRDA:42,6,1,1
BRDA:72,7,0,2
BRDA:72,8,0,3
BRDA:85,9,0,0
BRDA:85,9,1,12
BRDA:91,10,0,2
BRDA:91,10,1,10
BRDA:91,11,0,12
BRDA:91,11,1,3
BRDA:97,12,0,1
BRDA:97,12,1,9
BRDA:127,13,0,1
BRDA:127,13,1,3
BRDA:127,14,0,4
BRDA:127,14,1,2
BRDA:134,15,0,1
BRDA:134,15,1,2
BRF:27
BRH:26
end_of_record
TN:
SF:src/services/MessageService.js
FN:15,_indexKey
FN:19,_addToConversationIndex
FN:27,_addToUnreadIndex
FN:36,_removeFromUnreadIndex
FN:44,(anonymous_4)
FN:52,(anonymous_5)
FN:64,(anonymous_6)
FN:69,(anonymous_7)
FN:71,(anonymous_8)
FN:75,(anonymous_9)
FN:78,(anonymous_10)
FN:85,(anonymous_11)
FN:92,(anonymous_12)
FN:110,(anonymous_13)
FNF:14
FNH:13
FNDA:54,_indexKey
FNDA:45,_addToConversationIndex
FNDA:45,_addToUnreadIndex
FNDA:2,_removeFromUnreadIndex
FNDA:45,(anonymous_4)
FNDA:2,(anonymous_5)
FNDA:9,(anonymous_6)
FNDA:31,(anonymous_7)
FNDA:23,(anonymous_8)
FNDA:0,(anonymous_9)
FNDA:25,(anonymous_10)
FNDA:3,(anonymous_11)
FNDA:8,(anonymous_12)
FNDA:29,(anonymous_13)
DA:1,4
DA:2,4
DA:6,4
DA:10,4
DA:13,4
DA:16,54
DA:20,45
DA:21,45
DA:22,20
DA:24,45
DA:28,45
DA:29,45
DA:30,23
DA:32,45
DA:37,2
DA:38,2
DA:39,2
DA:45,45
DA:46,45
DA:47,45
DA:48,45
DA:49,45
DA:53,2
DA:54,2
DA:55,1
DA:57,1
DA:65,9
DA:66,9
DA:68,9
DA:69,31
DA:71,23
DA:73,9
DA:74,0
DA:75,0
DA:78,25
DA:86,3
DA:93,8
DA:94,8
DA:95,1
DA:98,7
DA:99,7
DA:102,6
DA:103,2
DA:106,6
DA:111,29
DA:112,29
DA:113,29
DA:117,4
LF:48
LH:46
BRDA:21,0,0,20
BRDA:21,0,1,25
BRDA:28,1,0,45
BRDA:28,1,1,0
BRDA:29,2,0,23
BRDA:29,2,1,22
BRDA:38,3,0,2
BRDA:38,3,1,0
BRDA:54,4,0,1
BRDA:54,4,1,1
BRDA:64,5,0,2
BRDA:64,6,0,3
BRDA:66,7,0,9
BRDA:66,7,1,1
BRDA:71,8,0,23
BRDA:71,8,1,19
BRDA:73,9,0,0
BRDA:73,9,1,9
BRDA:86,10,0,3
BRDA:86,10,1,0
BRDA:94,11,0,1
BRDA:94,11,1,7
BRDA:102,12,0,2
BRDA:102,12,1,4
BRDA:102,13,0,6
BRDA:102,13,1,2
BRF:26
BRH:22
end_of_record
TN:
SF:src/services/UserService.js
FN:8,(anonymous_0)
FN:9,(anonymous_1)
FN:19,(anonymous_2)
FN:27,(anonymous_3)
FN:28,(anonymous_4)
FN:31,(anonymous_5)
FN:42,(anonymous_6)
FN:54,(anonymous_7)
FN:62,(anonymous_8)
FNF:9
FNH:9
FNDA:17,(anonymous_0)
FNDA:4,(anonymous_1)
FNDA:4,(anonymous_2)
FNDA:4,(anonymous_3)
FNDA:2,(anonymous_4)
FNDA:4,(anonymous_5)
FNDA:2,(anonymous_6)
FNDA:3,(anonymous_7)
FNDA:21,(anonymous_8)
DA:1,3
DA:2,3
DA:5,3
DA:9,17
DA:10,17
DA:11,2
DA:14,15
DA:15,15
DA:16,15
DA:20,4
DA:21,4
DA:22,2
DA:24,2
DA:28,4
DA:32,4
DA:33,4
DA:34,1
DA:37,3
DA:38,2
DA:40,3
DA:41,1
DA:42,2
DA:44,1
DA:45,1
DA:47,0
DA:50,2
DA:51,2
DA:55,3
DA:56,1
DA:58,2
DA:63,21
DA:67,3
LF:32
LH:31
BRDA:10,0,0,2
BRDA:10,0,1,15
BRDA:21,1,0,2
BRDA:21,1,1,2
BRDA:33,2,0,1
BRDA:33,2,1,3
BRDA:37,3,0,2
BRDA:37,3,1,1
BRDA:40,4,0,1
BRDA:40,4,1,2
BRDA:42,5,0,2
BRDA:42,5,1,1
BRDA:44,6,0,1
BRDA:44,6,1,0
BRDA:55,7,0,1
BRDA:55,7,1,2
BRF:16
BRH:15
end_of_record
