TN:
SF:src/app.js
FN:13,(anonymous_0)
FNF:1
FNH:0
FNDA:0,(anonymous_0)
DA:1,2
DA:2,2
DA:3,2
DA:4,2
DA:5,2
DA:6,2
DA:8,2
DA:10,2
DA:11,2
DA:13,2
DA:15,2
DA:16,2
DA:18,2
DA:19,2
DA:21,2
LF:15
LH:15
BRF:0
BRH:0
end_of_record
TN:
SF:src/config/env.js
FNF:0
FNH:0
DA:1,7
DA:3,7
DA:9,7
LF:3
LH:3
BRDA:4,0,0,7
BRDA:4,0,1,0
BRDA:5,1,0,7
BRDA:5,1,1,7
BRDA:6,2,0,7
BRDA:6,2,1,7
BRF:6
BRH:5
end_of_record
TN:
SF:src/config/logger.js
FN:11,(anonymous_0)
FNF:1
FNH:1
FNDA:80,(anonymous_0)
DA:1,7
DA:2,7
DA:4,7
DA:12,80
DA:20,7
LF:5
LH:5
BRDA:9,0,0,0
BRDA:9,0,1,7
BRDA:12,1,0,1
BRDA:12,1,1,79
BRF:4
BRH:3
end_of_record
TN:
SF:src/controllers/MessageController.js
FN:4,(anonymous_0)
FN:13,(anonymous_1)
FN:22,(anonymous_2)
FN:36,(anonymous_3)
FN:45,(anonymous_4)
FNF:5
FNH:4
FNDA:10,(anonymous_0)
FNDA:0,(anonymous_1)
FNDA:2,(anonymous_2)
FNDA:1,(anonymous_3)
FNDA:1,(anonymous_4)
DA:1,2
DA:5,10
DA:6,10
DA:7,10
DA:9,0
DA:14,0
DA:15,0
DA:16,0
DA:18,0
DA:23,2
DA:24,2
DA:25,2
DA:26,2
DA:30,2
DA:32,0
DA:37,1
DA:38,1
DA:39,1
DA:41,0
DA:46,1
DA:47,1
DA:48,1
DA:50,0
DA:55,2
LF:24
LH:16
BRDA:27,0,0,1
BRDA:27,0,1,1
BRF:2
BRH:2
end_of_record
TN:
SF:src/controllers/UserController.js
FN:4,(anonymous_0)
FN:13,(anonymous_1)
FN:22,(anonymous_2)
FN:31,(anonymous_3)
FN:40,(anonymous_4)
FNF:5
FNH:5
FNDA:6,(anonymous_0)
FNDA:1,(anonymous_1)
FNDA:2,(anonymous_2)
FNDA:1,(anonymous_3)
FNDA:1,(anonymous_4)
DA:1,2
DA:5,6
DA:6,6
DA:7,5
DA:9,1
DA:14,1
DA:15,1
DA:16,1
DA:18,0
DA:23,2
DA:24,2
DA:25,1
DA:27,1
DA:32,1
DA:33,1
DA:34,1
DA:36,0
DA:41,1
DA:42,1
DA:43,1
DA:45,0
DA:50,2
LF:22
LH:19
BRF:0
BRH:0
end_of_record
TN:
SF:src/middlewares/errorHandler.js
FN:9,errorHandler
FNF:1
FNH:1
FNDA:10,errorHandler
DA:1,3
DA:2,3
DA:10,10
DA:11,10
DA:13,10
DA:14,1
DA:17,10
DA:19,10
DA:20,6
DA:23,10
DA:24,1
DA:27,10
DA:30,3
LF:13
LH:13
BRDA:10,0,0,10
BRDA:10,0,1,1
BRDA:10,0,2,1
BRDA:11,1,0,10
BRDA:11,1,1,0
BRDA:13,2,0,1
BRDA:13,2,1,9
BRDA:19,3,0,6
BRDA:19,3,1,4
BRDA:23,4,0,1
BRDA:23,4,1,9
BRDA:23,5,0,10
BRDA:23,5,1,10
BRF:13
BRH:12
end_of_record
TN:
SF:src/middlewares/notFound.js
FN:6,notFound
FNF:1
FNH:0
FNDA:0,notFound
DA:1,2
DA:7,0
DA:10,2
LF:3
LH:2
BRF:0
BRH:0
end_of_record
TN:
SF:src/middlewares/requestLogger.js
FN:7,requestLogger
FN:10,(anonymous_1)
FNF:2
FNH:2
FNDA:33,requestLogger
FNDA:31,(anonymous_1)
DA:1,3
DA:8,33
DA:10,33
DA:11,31
DA:12,31
DA:13,31
DA:16,33
DA:19,3
LF:8
LH:8
BRDA:12,0,0,0
BRDA:12,0,1,31
BRDA:12,1,0,7
BRDA:12,1,1,24
BRF:4
BRH:3
end_of_record
TN:
SF:src/middlewares/validate.js
FN:8,validate
FN:11,(anonymous_1)
FNF:2
FNH:2
FNDA:31,validate
FNDA:6,(anonymous_1)
DA:1,3
DA:2,3
DA:9,31
DA:10,31
DA:11,6
DA:12,6
DA:14,25
DA:17,3
LF:8
LH:8
BRDA:10,0,0,6
BRDA:10,0,1,25
BRF:2
BRH:2
end_of_record
TN:
SF:src/models/Message.js
FN:44,(anonymous_0)
FN:73,(anonymous_1)
FN:90,(anonymous_2)
FN:128,(anonymous_3)
FNF:4
FNH:4
FNDA:49,(anonymous_0)
FNDA:10,(anonymous_1)
FNDA:84,(anonymous_2)
FNDA:16,(anonymous_3)
DA:24,5
DA:28,5
DA:30,5
DA:45,49
DA:46,0
DA:48,49
DA:49,0
DA:51,49
DA:52,0
DA:54,49
DA:55,0
DA:58,49
DA:59,49
DA:60,49
DA:61,49
DA:62,49
DA:63,49
DA:64,49
DA:65,49
DA:66,49
DA:74,10
DA:75,10
DA:76,10
DA:78,10
DA:79,0
DA:81,10
DA:82,1
DA:85,9
DA:86,9
DA:87,9
DA:91,84
DA:114,5
DA:125,5
DA:128,16
DA:130,5
LF:35
LH:30
BRDA:44,0,0,49
BRDA:45,1,0,0
BRDA:45,1,1,49
BRDA:48,2,0,0
BRDA:48,2,1,49
BRDA:51,3,0,0
BRDA:51,3,1,49
BRDA:51,4,0,49
BRDA:51,4,1,49
BRDA:54,5,0,0
BRDA:54,5,1,49
BRDA:78,6,0,0
BRDA:78,6,1,10
BRDA:81,7,0,1
BRDA:81,7,1,9
BRF:15
BRH:10
end_of_record
TN:
SF:src/models/User.js
FN:15,(anonymous_0)
FN:23,(anonymous_1)
FNF:2
FNH:2
FNDA:15,(anonymous_0)
FNDA:21,(anonymous_1)
DA:7,3
DA:16,15
DA:17,15
DA:18,15
DA:19,15
DA:20,15
DA:24,21
DA:41,3
DA:49,3
LF:9
LH:9
BRF:0
BRH:0
end_of_record
TN:
SF:src/routes/messageRoutes.js
FN:9,(anonymous_0)
FNF:1
FNH:1
FNDA:10,(anonymous_0)
DA:1,2
DA:2,2
DA:3,2
DA:4,2
DA:5,2
DA:7,2
DA:9,2
DA:10,10
DA:12,2
DA:24,2
DA:36,2
DA:42,2
DA:48,2
DA:60,2
LF:14
LH:14
BRF:0
BRH:0
end_of_record
TN:
SF:src/routes/userRoutes.js
FN:8,(anonymous_0)
FNF:1
FNH:1
FNDA:6,(anonymous_0)
DA:1,2
DA:2,2
DA:3,2
DA:4,2
DA:6,2
DA:8,2
DA:9,6
DA:11,2
DA:21,2
DA:23,2
DA:29,2
DA:40,2
DA:46,2
LF:13
LH:13
BRF:0
BRH:0
end_of_record
TN:
SF:src/services/MessageFeedService.js
FN:28,withRetry
FN:48,(anonymous_1)
FN:72,(anonymous_2)
FN:73,(anonymous_3)
FN:108,(anonymous_4)
FN:109,(anonymous_5)
FN:115,(anonymous_6)
FN:116,(anonymous_7)
FN:126,(anonymous_8)
FN:132,(anonymous_9)
FN:137,(anonymous_10)
FN:144,(anonymous_11)
FNF:12
FNH:10
FNDA:18,withRetry
FNDA:3,(anonymous_1)
FNDA:4,(anonymous_2)
FNDA:4,(anonymous_3)
FNDA:0,(anonymous_4)
FNDA:0,(anonymous_5)
FNDA:3,(anonymous_6)
FNDA:3,(anonymous_7)
FNDA:9,(anonymous_8)
FNDA:7,(anonymous_9)
FNDA:2,(anonymous_10)
FNDA:10,(anonymous_11)
DA:14,2
DA:15,2
DA:16,2
DA:31,18
DA:32,21
DA:33,21
DA:35,5
DA:38,5
DA:39,1
DA:42,4
DA:43,3
DA:44,3
DA:45,3
DA:48,3
DA:53,1
DA:73,4
DA:74,4
DA:80,4
DA:81,4
DA:84,4
DA:85,12
DA:86,0
DA:88,12
DA:91,12
DA:92,2
DA:95,10
DA:97,10
DA:98,1
DA:102,4
DA:109,0
DA:116,3
DA:127,9
DA:128,2
DA:129,2
DA:132,7
DA:134,7
DA:135,2
DA:137,2
DA:140,7
DA:145,10
DA:150,2
DA:151,2
DA:153,2
DA:154,2
LF:44
LH:42
BRDA:28,0,0,15
BRDA:28,1,0,15
BRDA:28,2,0,15
BRDA:28,3,0,18
BRDA:38,4,0,1
BRDA:38,4,1,4
BRDA:38,5,0,5
BRDA:38,5,1,1
BRDA:38,5,2,1
BRDA:42,6,0,3
BRDA:42,6,1,1
BRDA:72,7,0,2
BRDA:72,8,0,3
BRDA:85,9,0,0
BRDA:85,9,1,12
BRDA:91,10,0,2
BRDA:91,10,1,10
BRDA:91,11,0,12
BRDA:91,11,1,3
BRDA:97,12,0,1
BRDA:97,12,1,9
BRDA:127,13,0,2
BRDA:127,13,1,7
BRDA:127,14,0,9
BRDA:127,14,1,4
BRDA:134,15,0,2
BRDA:134,15,1,5
BRF:27
BRH:26
end_of_record
TN:
SF:src/services/MessageService.js
FN:15,_indexKey
FN:19,_addToConversationIndex
FN:27,_addToUnreadIndex
FN:36,_removeFromUnreadIndex
FN:44,(anonymous_4)
FN:52,(anonymous_5)
FN:64,(anonymous_6)
FN:69,(anonymous_7)
FN:71,(anonymous_8)
FN:75,(anonymous_9)
FN:78,(anonymous_10)
FN:85,(anonymous_11)
FN:92,(anonymous_12)
FN:110,(anonymous_13)
FNF:14
FNH:13
FNDA:58,_indexKey
FNDA:49,_addToConversationIndex
FNDA:49,_addToUnreadIndex
FNDA:3,_removeFromUnreadIndex
FNDA:49,(anonymous_4)
FNDA:2,(anonymous_5)
FNDA:9,(anonymous_6)
FNDA:31,(anonymous_7)
FNDA:23,(anonymous_8)
FNDA:0,(anonymous_9)
FNDA:25,(anonymous_10)
FNDA:3,(anonymous_11)
FNDA:11,(anonymous_12)
FNDA:35,(anonymous_13)
DA:1,5
DA:2,5
DA:6,5
DA:10,5
DA:13,5
DA:16,58
DA:20,49
DA:21,49
DA:22,24
DA:24,49
DA:28,49
DA:29,49
DA:30,27
DA:32,49
DA:37,3
DA:38,3
DA:39,3
DA:45,49
DA:46,49
DA:47,49
DA:48,49
DA:49,49
DA:53,2
DA:54,2
DA:55,1
DA:57,1
DA:65,9
DA:66,9
DA:68,9
DA:69,31
DA:71,23
DA:73,9
DA:74,0
DA:75,0
DA:78,25
DA:86,3
DA:93,11
DA:94,11
DA:95,1
DA:98,10
DA:99,10
DA:102,9
DA:103,3
DA:106,9
DA:111,35
DA:112,35
DA:113,35
DA:117,5
LF:48
LH:46
BRDA:21,0,0,24
BRDA:21,0,1,25
BRDA:28,1,0,49
BRDA:28,1,1,0
BRDA:29,2,0,27
BRDA:29,2,1,22
BRDA:38,3,0,3
BRDA:38,3,1,0
BRDA:54,4,0,1
BRDA:54,4,1,1
BRDA:64,5,0,2
BRDA:64,6,0,3
BRDA:66,7,0,9
BRDA:66,7,1,1
BRDA:71,8,0,23
BRDA:71,8,1,19
BRDA:73,9,0,0
BRDA:73,9,1,9
BRDA:86,10,0,3
BRDA:86,10,1,0
BRDA:94,11,0,1
BRDA:94,11,1,10
BRDA:102,12,0,3
BRDA:102,12,1,6
BRDA:102,13,0,9
BRDA:102,13,1,3
BRF:26
BRH:22
end_of_record
TN:
SF:src/services/PresenceService.js
FN:12,(anonymous_0)
FN:22,(anonymous_1)
FN:33,(anonymous_2)
FN:53,(anonymous_3)
FN:57,(anonymous_4)
FN:63,(anonymous_5)
FN:67,(anonymous_6)
FN:75,(anonymous_7)
FN:90,(anonymous_8)
FN:93,(anonymous_9)
FN:98,(anonymous_10)
FNF:11
FNH:9
FNDA:2,(anonymous_0)
FNDA:19,(anonymous_1)
FNDA:19,(anonymous_2)
FNDA:19,(anonymous_3)
FNDA:19,(anonymous_4)
FNDA:3,(anonymous_5)
FNDA:2,(anonymous_6)
FNDA:1,(anonymous_7)
FNDA:0,(anonymous_8)
FNDA:0,(anonymous_9)
FNDA:14,(anonymous_10)
DA:14,2
DA:17,2
DA:23,19
DA:24,17
DA:26,19
DA:34,19
DA:35,19
DA:36,0
DA:38,19
DA:39,19
DA:40,17
DA:42,17
DA:43,1
DA:44,1
DA:45,1
DA:48,17
DA:50,2
DA:54,19
DA:58,19
DA:64,3
DA:68,2
DA:69,2
DA:70,2
DA:72,2
DA:76,1
DA:77,1
DA:78,1
DA:79,1
DA:80,1
DA:81,1
DA:91,0
DA:92,0
DA:93,0
DA:99,14
DA:100,14
DA:104,2
LF:36
LH:32
BRDA:23,0,0,17
BRDA:23,0,1,2
BRDA:35,1,0,0
BRDA:35,1,1,19
BRDA:39,2,0,17
BRDA:39,2,1,2
BRDA:44,3,0,1
BRDA:44,3,1,0
BRDA:54,4,0,19
BRDA:54,4,1,2
BRDA:69,5,0,2
BRDA:69,5,1,0
BRDA:78,6,0,1
BRDA:78,6,1,0
BRDA:80,7,0,1
BRDA:80,7,1,0
BRDA:92,8,0,0
BRDA:92,8,1,0
BRF:18
BRH:11
end_of_record
TN:
SF:src/services/UserService.js
FN:8,(anonymous_0)
FN:9,(anonymous_1)
FN:19,(anonymous_2)
FN:27,(anonymous_3)
FN:28,(anonymous_4)
FN:31,(anonymous_5)
FN:42,(anonymous_6)
FN:54,(anonymous_7)
FN:62,(anonymous_8)
FNF:9
FNH:9
FNDA:17,(anonymous_0)
FNDA:4,(anonymous_1)
FNDA:4,(anonymous_2)
FNDA:4,(anonymous_3)
FNDA:2,(anonymous_4)
FNDA:4,(anonymous_5)
FNDA:2,(anonymous_6)
FNDA:3,(anonymous_7)
FNDA:21,(anonymous_8)
DA:1,3
DA:2,3
DA:5,3
DA:9,17
DA:10,17
DA:11,2
DA:14,15
DA:15,15
DA:16,15
DA:20,4
DA:21,4
DA:22,2
DA:24,2
DA:28,4
DA:32,4
DA:33,4
DA:34,1
DA:37,3
DA:38,2
DA:40,3
DA:41,1
DA:42,2
DA:44,1
DA:45,1
DA:47,0
DA:50,2
DA:51,2
DA:55,3
DA:56,1
DA:58,2
DA:63,21
DA:67,3
LF:32
LH:31
BRDA:10,0,0,2
BRDA:10,0,1,15
BRDA:21,1,0,2
BRDA:21,1,1,2
BRDA:33,2,0,1
BRDA:33,2,1,3
BRDA:37,3,0,2
BRDA:37,3,1,1
BRDA:40,4,0,1
BRDA:40,4,1,2
BRDA:42,5,0,2
BRDA:42,5,1,1
BRDA:44,6,0,1
BRDA:44,6,1,0
BRDA:55,7,0,1
BRDA:55,7,1,2
BRF:16
BRH:15
end_of_record
TN:
SF:src/socket/index.js
FN:19,attachSocket
FN:31,(anonymous_1)
FNF:2
FNH:0
FNDA:0,attachSocket
FNDA:0,(anonymous_1)
DA:14,0
DA:15,0
DA:16,0
DA:17,0
DA:20,0
DA:31,0
DA:32,0
DA:34,0
DA:35,0
DA:38,0
DA:41,0
LF:11
LH:0
BRF:0
BRH:0
end_of_record
TN:
SF:src/socket/handlers/messageHandler.js
FN:22,messageHandler
FN:24,(anonymous_1)
FN:51,(anonymous_2)
FN:71,(anonymous_3)
FNF:4
FNH:4
FNDA:10,messageHandler
FNDA:6,(anonymous_1)
FNDA:2,(anonymous_2)
FNDA:2,(anonymous_3)
DA:18,1
DA:19,1
DA:20,1
DA:24,10
DA:25,6
DA:26,1
DA:29,5
DA:30,5
DA:38,5
DA:41,5
DA:43,5
DA:45,0
DA:46,0
DA:51,10
DA:52,2
DA:53,0
DA:56,2
DA:57,2
DA:60,2
DA:65,0
DA:66,0
DA:71,10
DA:72,2
DA:73,1
DA:76,1
DA:77,1
DA:80,1
DA:85,0
DA:86,0
DA:91,1
LF:30
LH:23
BRDA:24,0,0,0
BRDA:25,1,0,1
BRDA:25,1,1,5
BRDA:25,2,0,6
BRDA:25,2,1,6
BRDA:25,2,2,5
BRDA:51,3,0,0
BRDA:52,4,0,0
BRDA:52,4,1,2
BRDA:52,5,0,2
BRDA:52,5,1,2
BRDA:71,6,0,0
BRDA:72,7,0,1
BRDA:72,7,1,1
BRF:14
BRH:10
end_of_record
TN:
SF:src/socket/handlers/presenceHandler.js
FN:22,presenceHandler
FN:26,(anonymous_1)
FN:50,(anonymous_2)
FN:62,(anonymous_3)
FN:72,(anonymous_4)
FNF:5
FNH:5
FNDA:26,presenceHandler
FNDA:20,(anonymous_1)
FNDA:2,(anonymous_2)
FNDA:1,(anonymous_3)
FNDA:26,(anonymous_4)
DA:19,2
DA:20,2
DA:23,26
DA:26,26
DA:27,20
DA:28,1
DA:31,19
DA:32,19
DA:33,19
DA:36,19
DA:38,19
DA:41,19
DA:44,19
DA:45,17
DA:50,26
DA:51,2
DA:52,0
DA:55,2
DA:58,2
DA:62,26
DA:63,1
DA:64,0
DA:67,1
DA:68,1
DA:72,26
DA:73,26
DA:74,7
DA:77,19
DA:78,19
DA:80,19
DA:81,17
DA:86,2
LF:32
LH:30
BRDA:26,0,0,0
BRDA:27,1,0,1
BRDA:27,1,1,19
BRDA:44,2,0,17
BRDA:44,2,1,2
BRDA:50,3,0,0
BRDA:51,4,0,0
BRDA:51,4,1,2
BRDA:51,5,0,2
BRDA:51,5,1,2
BRDA:62,6,0,0
BRDA:63,7,0,0
BRDA:63,7,1,1
BRDA:63,8,0,1
BRDA:63,8,1,1
BRDA:73,9,0,7
BRDA:73,9,1,19
BRDA:80,10,0,17
BRDA:80,10,1,2
BRF:19
BRH:14
end_of_record
